2023-10-31 17:48:00.611 ERROR 345  --- [ main ] o.s.b.c.l.s.CommandLineJobRunner - At least 2 arguments are required: JobPath/JobClass and jobIdentifier.
2023-10-31 17:49:24.851 ERROR 298  --- [ main ] o.s.b.c.l.s.CommandLineJobRunner - At least 2 arguments are required: JobPath/JobClass and jobIdentifier.
2023-10-31 17:51:17.891 ERROR 333  --- [ main ] o.s.b.c.l.s.CommandLineJobRunner - At least 2 arguments are required: JobPath/JobClass and jobIdentifier.
2023-10-31 17:52:29.399 ERROR 291  --- [ main ] o.s.b.c.l.s.CommandLineJobRunner - At least 2 arguments are required: JobPath/JobClass and jobIdentifier.
2023-10-31 17:55:48.300 ERROR 301  --- [ main ] o.s.b.c.l.s.CommandLineJobRunner - At least 2 arguments are required: JobPath/JobClass and jobIdentifier.
2023-10-31 17:58:13.908 ERROR 310  --- [ main ] o.s.b.c.l.s.CommandLineJobRunner - At least 2 arguments are required: JobPath/JobClass and jobIdentifier.
2023-10-31 18:04:41.576 INFO  704  --- [ main ] c.study.hestudy.HestudyApplication - Starting HestudyApplication using Java 17.0.7 with PID 21740 (C:\develop\hestudy\HEstudy\hestudy\target\classes started by 82105 in C:\develop\hestudy\HEstudy\hestudy)
2023-10-31 18:04:41.580 DEBUG 708  --- [ main ] c.study.hestudy.HestudyApplication - Running with Spring Boot v3.1.1, Spring v6.0.10
2023-10-31 18:04:41.580 INFO  708  --- [ main ] c.study.hestudy.HestudyApplication - No active profile set, falling back to 1 default profile: "default"
2023-10-31 18:04:42.703 INFO  1831 --- [ main ] o.s.b.w.e.tomcat.TomcatWebServer - Tomcat initialized with port(s): 8888 (http)
2023-10-31 18:04:42.712 INFO  1840 --- [ main ] o.a.coyote.http11.Http11NioProtocol - Initializing ProtocolHandler ["http-nio-8888"]
2023-10-31 18:04:42.714 INFO  1842 --- [ main ] o.a.catalina.core.StandardService - Starting service [Tomcat]
2023-10-31 18:04:42.715 INFO  1843 --- [ main ] o.a.catalina.core.StandardEngine - Starting Servlet engine: [Apache Tomcat/10.1.10]
2023-10-31 18:04:43.058 INFO  2186 --- [ main ] o.apache.jasper.servlet.TldScanner - At least one JAR was scanned for TLDs yet contained no TLDs. Enable debug logging for this logger for a complete list of JARs that were scanned but no TLDs were found in them. Skipping unneeded JARs during scanning can improve startup time and JSP compilation time.
2023-10-31 18:04:43.072 INFO  2200 --- [ main ] o.a.c.c.C.[Tomcat].[localhost].[/] - Initializing Spring embedded WebApplicationContext
2023-10-31 18:04:43.072 INFO  2200 --- [ main ] o.s.b.w.s.c.ServletWebServerApplicationContext - Root WebApplicationContext: initialization completed in 1439 ms
2023-10-31 18:04:43.344 INFO  2472 --- [ main ] o.s.b.a.w.s.WelcomePageHandlerMapping - Adding welcome page template: index
2023-10-31 18:04:43.391 DEBUG 2519 --- [ main ] _.s.w.s.HandlerMapping.Mappings - 
	c.s.h.b.c.BoardController:
	{GET [/boardWrite]}: BoardWrite()
	{GET [/boardList]}: BoardList()
2023-10-31 18:04:43.393 DEBUG 2521 --- [ main ] _.s.w.s.HandlerMapping.Mappings - 
	c.s.h.b.c.PotoBoardController:
	{GET [/potoBoardList]}: PotoBoardList()
2023-10-31 18:04:43.394 DEBUG 2522 --- [ main ] _.s.w.s.HandlerMapping.Mappings - 
	c.s.h.c.c.MainController:
	{GET [/main || /]}: Main()
2023-10-31 18:04:43.394 DEBUG 2522 --- [ main ] _.s.w.s.HandlerMapping.Mappings - 
	c.s.h.r.c.registerController:
	{GET [/signUp]}: SignUp()
	{GET [/signIn]}: SignIN()
2023-10-31 18:04:43.395 DEBUG 2523 --- [ main ] _.s.w.s.HandlerMapping.Mappings - 
	c.s.h.SpringTestController:
	{GET [/index]}: test()
	{GET [/test]}: mvTest()
2023-10-31 18:04:43.398 DEBUG 2526 --- [ main ] _.s.w.s.HandlerMapping.Mappings - 
	o.s.b.a.w.s.e.BasicErrorController:
	{ [/error]}: error(HttpServletRequest)
	{ [/error], produces [text/html]}: errorHtml(HttpServletRequest,HttpServletResponse)
2023-10-31 18:04:43.408 DEBUG 2536 --- [ main ] _.s.w.s.HandlerMapping.Mappings - 'beanNameHandlerMapping' {}
2023-10-31 18:04:43.427 DEBUG 2555 --- [ main ] _.s.w.s.HandlerMapping.Mappings - 'resourceHandlerMapping' {/webjars/**=ResourceHttpRequestHandler [classpath [META-INF/resources/webjars/]], /resources/static/**=ResourceHttpRequestHandler [classpath [META-INF/resources/], classpath [resources/], classpath [static/], classpath [public/], ServletContext [/]]}
2023-10-31 18:04:43.501 INFO  2629 --- [ main ] o.a.coyote.http11.Http11NioProtocol - Starting ProtocolHandler ["http-nio-8888"]
2023-10-31 18:04:43.552 INFO  2680 --- [ main ] o.s.b.w.e.tomcat.TomcatWebServer - Tomcat started on port(s): 8888 (http) with context path ''
2023-10-31 18:04:43.565 INFO  2693 --- [ main ] c.study.hestudy.HestudyApplication - Started HestudyApplication in 2.335 seconds (process running for 2.935)
2023-10-31 18:04:53.914 INFO  13042 --- [ http-nio-8888-exec-1 ] o.a.c.c.C.[Tomcat].[localhost].[/] - Initializing Spring DispatcherServlet 'dispatcherServlet'
2023-10-31 18:04:53.915 INFO  13043 --- [ http-nio-8888-exec-1 ] o.s.web.servlet.DispatcherServlet - Initializing Servlet 'dispatcherServlet'
2023-10-31 18:04:53.916 INFO  13044 --- [ http-nio-8888-exec-1 ] o.s.web.servlet.DispatcherServlet - Completed initialization in 1 ms
2023-10-31 18:04:53.948 INFO  13076 --- [ http-nio-8888-exec-1 ] o.s.stereotype.Controller - MainController ###
2023-10-31 18:04:56.277 WARN  15405 --- [ http-nio-8888-exec-4 ] o.s.web.servlet.PageNotFound - No mapping for GET /favicon.ico
2023-10-31 18:57:53.920 INFO  3193048 --- [ http-nio-8888-exec-7 ] o.s.stereotype.Controller - BoardListController ###
2023-10-31 18:57:58.411 INFO  3197539 --- [ http-nio-8888-exec-8 ] o.s.stereotype.Controller - MainController ###
2023-10-31 19:02:31.089 INFO  3470217 --- [ http-nio-8888-exec-1 ] o.s.stereotype.Controller - MainController ###
2023-10-31 19:18:00.159 INFO  673  --- [ main ] c.study.hestudy.HestudyApplication - Starting HestudyApplication using Java 17.0.7 with PID 17224 (C:\develop\hestudy\HEstudy\hestudy\target\classes started by 82105 in C:\develop\hestudy\HEstudy\hestudy)
2023-10-31 19:18:00.170 DEBUG 684  --- [ main ] c.study.hestudy.HestudyApplication - Running with Spring Boot v3.1.1, Spring v6.0.10
2023-10-31 19:18:00.172 INFO  686  --- [ main ] c.study.hestudy.HestudyApplication - No active profile set, falling back to 1 default profile: "default"
2023-10-31 19:18:01.278 INFO  1792 --- [ main ] o.s.b.w.e.tomcat.TomcatWebServer - Tomcat initialized with port(s): 8888 (http)
2023-10-31 19:18:01.287 INFO  1801 --- [ main ] o.a.coyote.http11.Http11NioProtocol - Initializing ProtocolHandler ["http-nio-8888"]
2023-10-31 19:18:01.289 INFO  1803 --- [ main ] o.a.catalina.core.StandardService - Starting service [Tomcat]
2023-10-31 19:18:01.289 INFO  1803 --- [ main ] o.a.catalina.core.StandardEngine - Starting Servlet engine: [Apache Tomcat/10.1.10]
2023-10-31 19:18:01.574 INFO  2088 --- [ main ] o.apache.jasper.servlet.TldScanner - At least one JAR was scanned for TLDs yet contained no TLDs. Enable debug logging for this logger for a complete list of JARs that were scanned but no TLDs were found in them. Skipping unneeded JARs during scanning can improve startup time and JSP compilation time.
2023-10-31 19:18:01.590 INFO  2104 --- [ main ] o.a.c.c.C.[Tomcat].[localhost].[/] - Initializing Spring embedded WebApplicationContext
2023-10-31 19:18:01.590 INFO  2104 --- [ main ] o.s.b.w.s.c.ServletWebServerApplicationContext - Root WebApplicationContext: initialization completed in 1368 ms
2023-10-31 19:18:01.831 INFO  2345 --- [ main ] o.s.b.a.w.s.WelcomePageHandlerMapping - Adding welcome page template: index
2023-10-31 19:18:01.883 DEBUG 2397 --- [ main ] _.s.w.s.HandlerMapping.Mappings - 
	c.s.h.b.c.BoardController:
	{GET [/boardList]}: BoardList()
	{GET [/boardWrite]}: BoardWrite()
2023-10-31 19:18:01.885 DEBUG 2399 --- [ main ] _.s.w.s.HandlerMapping.Mappings - 
	c.s.h.b.c.PotoBoardController:
	{GET [/potoBoardList]}: PotoBoardList()
2023-10-31 19:18:01.885 DEBUG 2399 --- [ main ] _.s.w.s.HandlerMapping.Mappings - 
	c.s.h.c.c.MainController:
	{GET [/main || /]}: Main()
2023-10-31 19:18:01.885 DEBUG 2399 --- [ main ] _.s.w.s.HandlerMapping.Mappings - 
	c.s.h.r.c.registerController:
	{GET [/signIn]}: SignIN()
	{GET [/signUp]}: SignUp()
2023-10-31 19:18:01.886 DEBUG 2400 --- [ main ] _.s.w.s.HandlerMapping.Mappings - 
	c.s.h.SpringTestController:
	{GET [/index]}: test()
	{GET [/test]}: mvTest()
2023-10-31 19:18:01.888 DEBUG 2402 --- [ main ] _.s.w.s.HandlerMapping.Mappings - 
	o.s.b.a.w.s.e.BasicErrorController:
	{ [/error]}: error(HttpServletRequest)
	{ [/error], produces [text/html]}: errorHtml(HttpServletRequest,HttpServletResponse)
2023-10-31 19:18:01.898 DEBUG 2412 --- [ main ] _.s.w.s.HandlerMapping.Mappings - 'beanNameHandlerMapping' {}
2023-10-31 19:18:01.911 DEBUG 2425 --- [ main ] _.s.w.s.HandlerMapping.Mappings - 'resourceHandlerMapping' {/webjars/**=ResourceHttpRequestHandler [classpath [META-INF/resources/webjars/]], /resources/static/**=ResourceHttpRequestHandler [classpath [META-INF/resources/], classpath [resources/], classpath [static/], classpath [public/], ServletContext [/]]}
2023-10-31 19:18:01.967 INFO  2481 --- [ main ] o.a.coyote.http11.Http11NioProtocol - Starting ProtocolHandler ["http-nio-8888"]
2023-10-31 19:18:01.975 WARN  2489 --- [ main ] o.s.b.w.s.c.AnnotationConfigServletWebServerApplicationContext - Exception encountered during context initialization - cancelling refresh attempt: org.springframework.context.ApplicationContextException: Failed to start bean 'webServerStartStop'
2023-10-31 19:18:01.978 INFO  2492 --- [ main ] o.a.coyote.http11.Http11NioProtocol - Pausing ProtocolHandler ["http-nio-8888"]
2023-10-31 19:18:01.978 INFO  2492 --- [ main ] o.a.catalina.core.StandardService - Stopping service [Tomcat]
2023-10-31 19:18:01.988 INFO  2502 --- [ main ] o.a.coyote.http11.Http11NioProtocol - Stopping ProtocolHandler ["http-nio-8888"]
2023-10-31 19:18:01.989 INFO  2503 --- [ main ] o.a.coyote.http11.Http11NioProtocol - Destroying ProtocolHandler ["http-nio-8888"]
2023-10-31 19:18:01.995 INFO  2509 --- [ main ] o.s.b.a.l.ConditionEvaluationReportLogger - 

Error starting ApplicationContext. To display the condition evaluation report re-run your application with 'debug' enabled.
2023-10-31 19:18:02.015 ERROR 2529 --- [ main ] o.s.b.d.LoggingFailureAnalysisReporter - 

***************************
APPLICATION FAILED TO START
***************************

Description:

Web server failed to start. Port 8888 was already in use.

Action:

Identify and stop the process that's listening on port 8888 or configure this application to listen on another port.

2023-10-31 19:18:12.104 INFO  680  --- [ main ] c.study.hestudy.HestudyApplication - Starting HestudyApplication using Java 17.0.7 with PID 21776 (C:\develop\hestudy\HEstudy\hestudy\target\classes started by 82105 in C:\develop\hestudy\HEstudy\hestudy)
2023-10-31 19:18:12.107 DEBUG 683  --- [ main ] c.study.hestudy.HestudyApplication - Running with Spring Boot v3.1.1, Spring v6.0.10
2023-10-31 19:18:12.108 INFO  684  --- [ main ] c.study.hestudy.HestudyApplication - No active profile set, falling back to 1 default profile: "default"
2023-10-31 19:18:13.174 INFO  1750 --- [ main ] o.s.b.w.e.tomcat.TomcatWebServer - Tomcat initialized with port(s): 8888 (http)
2023-10-31 19:18:13.179 INFO  1755 --- [ main ] o.a.coyote.http11.Http11NioProtocol - Initializing ProtocolHandler ["http-nio-8888"]
2023-10-31 19:18:13.181 INFO  1757 --- [ main ] o.a.catalina.core.StandardService - Starting service [Tomcat]
2023-10-31 19:18:13.181 INFO  1757 --- [ main ] o.a.catalina.core.StandardEngine - Starting Servlet engine: [Apache Tomcat/10.1.10]
2023-10-31 19:18:13.477 INFO  2053 --- [ main ] o.apache.jasper.servlet.TldScanner - At least one JAR was scanned for TLDs yet contained no TLDs. Enable debug logging for this logger for a complete list of JARs that were scanned but no TLDs were found in them. Skipping unneeded JARs during scanning can improve startup time and JSP compilation time.
2023-10-31 19:18:13.487 INFO  2063 --- [ main ] o.a.c.c.C.[Tomcat].[localhost].[/] - Initializing Spring embedded WebApplicationContext
2023-10-31 19:18:13.488 INFO  2064 --- [ main ] o.s.b.w.s.c.ServletWebServerApplicationContext - Root WebApplicationContext: initialization completed in 1315 ms
2023-10-31 19:18:13.714 INFO  2290 --- [ main ] o.s.b.a.w.s.WelcomePageHandlerMapping - Adding welcome page template: index
2023-10-31 19:18:13.765 DEBUG 2341 --- [ main ] _.s.w.s.HandlerMapping.Mappings - 
	c.s.h.b.c.BoardController:
	{GET [/boardList]}: BoardList()
	{GET [/boardWrite]}: BoardWrite()
2023-10-31 19:18:13.767 DEBUG 2343 --- [ main ] _.s.w.s.HandlerMapping.Mappings - 
	c.s.h.b.c.PotoBoardController:
	{GET [/potoBoardList]}: PotoBoardList()
2023-10-31 19:18:13.768 DEBUG 2344 --- [ main ] _.s.w.s.HandlerMapping.Mappings - 
	c.s.h.c.c.MainController:
	{GET [/main || /]}: Main()
2023-10-31 19:18:13.769 DEBUG 2345 --- [ main ] _.s.w.s.HandlerMapping.Mappings - 
	c.s.h.r.c.registerController:
	{GET [/signUp]}: SignUp()
	{GET [/signIn]}: SignIN()
2023-10-31 19:18:13.769 DEBUG 2345 --- [ main ] _.s.w.s.HandlerMapping.Mappings - 
	c.s.h.SpringTestController:
	{GET [/index]}: test()
	{GET [/test]}: mvTest()
2023-10-31 19:18:13.772 DEBUG 2348 --- [ main ] _.s.w.s.HandlerMapping.Mappings - 
	o.s.b.a.w.s.e.BasicErrorController:
	{ [/error]}: error(HttpServletRequest)
	{ [/error], produces [text/html]}: errorHtml(HttpServletRequest,HttpServletResponse)
2023-10-31 19:18:13.783 DEBUG 2359 --- [ main ] _.s.w.s.HandlerMapping.Mappings - 'beanNameHandlerMapping' {}
2023-10-31 19:18:13.800 DEBUG 2376 --- [ main ] _.s.w.s.HandlerMapping.Mappings - 'resourceHandlerMapping' {/webjars/**=ResourceHttpRequestHandler [classpath [META-INF/resources/webjars/]], /resources/static/**=ResourceHttpRequestHandler [classpath [META-INF/resources/], classpath [resources/], classpath [static/], classpath [public/], ServletContext [/]]}
2023-10-31 19:18:13.852 INFO  2428 --- [ main ] o.a.coyote.http11.Http11NioProtocol - Starting ProtocolHandler ["http-nio-8888"]
2023-10-31 19:18:13.885 INFO  2461 --- [ main ] o.s.b.w.e.tomcat.TomcatWebServer - Tomcat started on port(s): 8888 (http) with context path ''
2023-10-31 19:18:13.895 INFO  2471 --- [ main ] c.study.hestudy.HestudyApplication - Started HestudyApplication in 2.127 seconds (process running for 2.726)
2023-10-31 19:18:19.436 INFO  8012 --- [ http-nio-8888-exec-1 ] o.a.c.c.C.[Tomcat].[localhost].[/] - Initializing Spring DispatcherServlet 'dispatcherServlet'
2023-10-31 19:18:19.437 INFO  8013 --- [ http-nio-8888-exec-1 ] o.s.web.servlet.DispatcherServlet - Initializing Servlet 'dispatcherServlet'
2023-10-31 19:18:19.438 INFO  8014 --- [ http-nio-8888-exec-1 ] o.s.web.servlet.DispatcherServlet - Completed initialization in 1 ms
2023-10-31 19:18:19.467 INFO  8043 --- [ http-nio-8888-exec-1 ] o.s.stereotype.Controller - MainController ###
2023-10-31 19:18:48.280 INFO  687  --- [ main ] c.study.hestudy.HestudyApplication - Starting HestudyApplication using Java 17.0.7 with PID 12536 (C:\develop\hestudy\HEstudy\hestudy\target\classes started by 82105 in C:\develop\hestudy\HEstudy\hestudy)
2023-10-31 19:18:48.284 DEBUG 691  --- [ main ] c.study.hestudy.HestudyApplication - Running with Spring Boot v3.1.1, Spring v6.0.10
2023-10-31 19:18:48.285 INFO  692  --- [ main ] c.study.hestudy.HestudyApplication - No active profile set, falling back to 1 default profile: "default"
2023-10-31 19:18:49.478 INFO  1885 --- [ main ] o.s.b.w.e.tomcat.TomcatWebServer - Tomcat initialized with port(s): 8888 (http)
2023-10-31 19:18:49.489 INFO  1896 --- [ main ] o.a.coyote.http11.Http11NioProtocol - Initializing ProtocolHandler ["http-nio-8888"]
2023-10-31 19:18:49.492 INFO  1899 --- [ main ] o.a.catalina.core.StandardService - Starting service [Tomcat]
2023-10-31 19:18:49.492 INFO  1899 --- [ main ] o.a.catalina.core.StandardEngine - Starting Servlet engine: [Apache Tomcat/10.1.10]
2023-10-31 19:18:49.761 INFO  2168 --- [ main ] o.apache.jasper.servlet.TldScanner - At least one JAR was scanned for TLDs yet contained no TLDs. Enable debug logging for this logger for a complete list of JARs that were scanned but no TLDs were found in them. Skipping unneeded JARs during scanning can improve startup time and JSP compilation time.
2023-10-31 19:18:49.772 INFO  2179 --- [ main ] o.a.c.c.C.[Tomcat].[localhost].[/] - Initializing Spring embedded WebApplicationContext
2023-10-31 19:18:49.773 INFO  2180 --- [ main ] o.s.b.w.s.c.ServletWebServerApplicationContext - Root WebApplicationContext: initialization completed in 1433 ms
2023-10-31 19:18:50.041 INFO  2448 --- [ main ] o.s.b.a.w.s.WelcomePageHandlerMapping - Adding welcome page template: index
2023-10-31 19:18:50.087 DEBUG 2494 --- [ main ] _.s.w.s.HandlerMapping.Mappings - 
	c.s.h.b.c.BoardController:
	{GET [/boardList]}: BoardList()
	{GET [/boardWrite]}: BoardWrite()
2023-10-31 19:18:50.089 DEBUG 2496 --- [ main ] _.s.w.s.HandlerMapping.Mappings - 
	c.s.h.b.c.PotoBoardController:
	{GET [/potoBoardList]}: PotoBoardList()
2023-10-31 19:18:50.090 DEBUG 2497 --- [ main ] _.s.w.s.HandlerMapping.Mappings - 
	c.s.h.c.c.MainController:
	{GET [/main || /]}: Main()
2023-10-31 19:18:50.091 DEBUG 2498 --- [ main ] _.s.w.s.HandlerMapping.Mappings - 
	c.s.h.r.c.registerController:
	{GET [/signIn]}: SignIN()
	{GET [/signUp]}: SignUp()
2023-10-31 19:18:50.092 DEBUG 2499 --- [ main ] _.s.w.s.HandlerMapping.Mappings - 
	c.s.h.SpringTestController:
	{GET [/index]}: test()
	{GET [/test]}: mvTest()
2023-10-31 19:18:50.096 DEBUG 2503 --- [ main ] _.s.w.s.HandlerMapping.Mappings - 
	o.s.b.a.w.s.e.BasicErrorController:
	{ [/error]}: error(HttpServletRequest)
	{ [/error], produces [text/html]}: errorHtml(HttpServletRequest,HttpServletResponse)
2023-10-31 19:18:50.105 DEBUG 2512 --- [ main ] _.s.w.s.HandlerMapping.Mappings - 'beanNameHandlerMapping' {}
2023-10-31 19:18:50.123 DEBUG 2530 --- [ main ] _.s.w.s.HandlerMapping.Mappings - 'resourceHandlerMapping' {/webjars/**=ResourceHttpRequestHandler [classpath [META-INF/resources/webjars/]], /resources/static/**=ResourceHttpRequestHandler [classpath [META-INF/resources/], classpath [resources/], classpath [static/], classpath [public/], ServletContext [/]]}
2023-10-31 19:18:50.189 INFO  2596 --- [ main ] o.a.coyote.http11.Http11NioProtocol - Starting ProtocolHandler ["http-nio-8888"]
2023-10-31 19:18:50.237 INFO  2644 --- [ main ] o.s.b.w.e.tomcat.TomcatWebServer - Tomcat started on port(s): 8888 (http) with context path ''
2023-10-31 19:18:50.247 INFO  2654 --- [ main ] c.study.hestudy.HestudyApplication - Started HestudyApplication in 2.309 seconds (process running for 2.895)
2023-10-31 19:19:09.790 INFO  22197 --- [ http-nio-8888-exec-1 ] o.a.c.c.C.[Tomcat].[localhost].[/] - Initializing Spring DispatcherServlet 'dispatcherServlet'
2023-10-31 19:19:09.791 INFO  22198 --- [ http-nio-8888-exec-1 ] o.s.web.servlet.DispatcherServlet - Initializing Servlet 'dispatcherServlet'
2023-10-31 19:19:09.792 INFO  22199 --- [ http-nio-8888-exec-1 ] o.s.web.servlet.DispatcherServlet - Completed initialization in 1 ms
2023-10-31 19:19:09.828 INFO  22235 --- [ http-nio-8888-exec-1 ] o.s.stereotype.Controller - MainController ###
2023-10-31 19:19:18.275 INFO  30682 --- [ http-nio-8888-exec-2 ] o.s.stereotype.Controller - MainController ###
2023-10-31 19:20:33.909 INFO  106316 --- [ http-nio-8888-exec-5 ] o.s.stereotype.Controller - MainController ###
2023-10-31 19:20:47.137 INFO  695  --- [ main ] c.study.hestudy.HestudyApplication - Starting HestudyApplication using Java 17.0.7 with PID 15512 (C:\develop\hestudy\HEstudy\hestudy\target\classes started by 82105 in C:\develop\hestudy\HEstudy\hestudy)
2023-10-31 19:20:47.140 DEBUG 698  --- [ main ] c.study.hestudy.HestudyApplication - Running with Spring Boot v3.1.1, Spring v6.0.10
2023-10-31 19:20:47.141 INFO  699  --- [ main ] c.study.hestudy.HestudyApplication - No active profile set, falling back to 1 default profile: "default"
2023-10-31 19:20:48.225 INFO  1783 --- [ main ] o.s.b.w.e.tomcat.TomcatWebServer - Tomcat initialized with port(s): 8888 (http)
2023-10-31 19:20:48.233 INFO  1791 --- [ main ] o.a.coyote.http11.Http11NioProtocol - Initializing ProtocolHandler ["http-nio-8888"]
2023-10-31 19:20:48.234 INFO  1792 --- [ main ] o.a.catalina.core.StandardService - Starting service [Tomcat]
2023-10-31 19:20:48.235 INFO  1793 --- [ main ] o.a.catalina.core.StandardEngine - Starting Servlet engine: [Apache Tomcat/10.1.10]
2023-10-31 19:20:48.521 INFO  2079 --- [ main ] o.apache.jasper.servlet.TldScanner - At least one JAR was scanned for TLDs yet contained no TLDs. Enable debug logging for this logger for a complete list of JARs that were scanned but no TLDs were found in them. Skipping unneeded JARs during scanning can improve startup time and JSP compilation time.
2023-10-31 19:20:48.534 INFO  2092 --- [ main ] o.a.c.c.C.[Tomcat].[localhost].[/] - Initializing Spring embedded WebApplicationContext
2023-10-31 19:20:48.534 INFO  2092 --- [ main ] o.s.b.w.s.c.ServletWebServerApplicationContext - Root WebApplicationContext: initialization completed in 1324 ms
2023-10-31 19:20:48.760 INFO  2318 --- [ main ] o.s.b.a.w.s.WelcomePageHandlerMapping - Adding welcome page template: index
2023-10-31 19:20:48.810 DEBUG 2368 --- [ main ] _.s.w.s.HandlerMapping.Mappings - 
	c.s.h.b.c.BoardController:
	{GET [/boardWrite]}: BoardWrite()
	{GET [/boardList]}: BoardList()
2023-10-31 19:20:48.811 DEBUG 2369 --- [ main ] _.s.w.s.HandlerMapping.Mappings - 
	c.s.h.b.c.PotoBoardController:
	{GET [/potoBoardList]}: PotoBoardList()
2023-10-31 19:20:48.812 DEBUG 2370 --- [ main ] _.s.w.s.HandlerMapping.Mappings - 
	c.s.h.c.c.MainController:
	{GET [/main || /]}: Main()
2023-10-31 19:20:48.813 DEBUG 2371 --- [ main ] _.s.w.s.HandlerMapping.Mappings - 
	c.s.h.r.c.registerController:
	{GET [/signIn]}: SignIN()
	{GET [/signUp]}: SignUp()
2023-10-31 19:20:48.813 DEBUG 2371 --- [ main ] _.s.w.s.HandlerMapping.Mappings - 
	c.s.h.SpringTestController:
	{GET [/test]}: mvTest()
	{GET [/index]}: test()
2023-10-31 19:20:48.816 DEBUG 2374 --- [ main ] _.s.w.s.HandlerMapping.Mappings - 
	o.s.b.a.w.s.e.BasicErrorController:
	{ [/error]}: error(HttpServletRequest)
	{ [/error], produces [text/html]}: errorHtml(HttpServletRequest,HttpServletResponse)
2023-10-31 19:20:48.825 DEBUG 2383 --- [ main ] _.s.w.s.HandlerMapping.Mappings - 'beanNameHandlerMapping' {}
2023-10-31 19:20:48.843 DEBUG 2401 --- [ main ] _.s.w.s.HandlerMapping.Mappings - 'resourceHandlerMapping' {/webjars/**=ResourceHttpRequestHandler [classpath [META-INF/resources/webjars/]], /resources/static/**=ResourceHttpRequestHandler [classpath [META-INF/resources/], classpath [resources/], classpath [static/], classpath [public/], ServletContext [/]]}
2023-10-31 19:20:48.892 INFO  2450 --- [ main ] o.a.coyote.http11.Http11NioProtocol - Starting ProtocolHandler ["http-nio-8888"]
2023-10-31 19:20:48.931 INFO  2489 --- [ main ] o.s.b.w.e.tomcat.TomcatWebServer - Tomcat started on port(s): 8888 (http) with context path ''
2023-10-31 19:20:48.944 INFO  2502 --- [ main ] c.study.hestudy.HestudyApplication - Started HestudyApplication in 2.143 seconds (process running for 2.742)
2023-10-31 19:20:53.932 INFO  7490 --- [ http-nio-8888-exec-1 ] o.a.c.c.C.[Tomcat].[localhost].[/] - Initializing Spring DispatcherServlet 'dispatcherServlet'
2023-10-31 19:20:53.932 INFO  7490 --- [ http-nio-8888-exec-1 ] o.s.web.servlet.DispatcherServlet - Initializing Servlet 'dispatcherServlet'
2023-10-31 19:20:53.933 INFO  7491 --- [ http-nio-8888-exec-1 ] o.s.web.servlet.DispatcherServlet - Completed initialization in 1 ms
2023-10-31 19:20:53.964 INFO  7522 --- [ http-nio-8888-exec-1 ] o.s.stereotype.Controller - MainController ###
2023-10-31 19:23:20.499 INFO  680  --- [ main ] c.study.hestudy.HestudyApplication - Starting HestudyApplication using Java 17.0.7 with PID 6344 (C:\develop\hestudy\HEstudy\hestudy\target\classes started by 82105 in C:\develop\hestudy\HEstudy\hestudy)
2023-10-31 19:23:20.502 DEBUG 683  --- [ main ] c.study.hestudy.HestudyApplication - Running with Spring Boot v3.1.1, Spring v6.0.10
2023-10-31 19:23:20.503 INFO  684  --- [ main ] c.study.hestudy.HestudyApplication - No active profile set, falling back to 1 default profile: "default"
2023-10-31 19:23:21.595 INFO  1776 --- [ main ] o.s.b.w.e.tomcat.TomcatWebServer - Tomcat initialized with port(s): 8888 (http)
2023-10-31 19:23:21.603 INFO  1784 --- [ main ] o.a.coyote.http11.Http11NioProtocol - Initializing ProtocolHandler ["http-nio-8888"]
2023-10-31 19:23:21.605 INFO  1786 --- [ main ] o.a.catalina.core.StandardService - Starting service [Tomcat]
2023-10-31 19:23:21.605 INFO  1786 --- [ main ] o.a.catalina.core.StandardEngine - Starting Servlet engine: [Apache Tomcat/10.1.10]
2023-10-31 19:23:21.902 INFO  2083 --- [ main ] o.apache.jasper.servlet.TldScanner - At least one JAR was scanned for TLDs yet contained no TLDs. Enable debug logging for this logger for a complete list of JARs that were scanned but no TLDs were found in them. Skipping unneeded JARs during scanning can improve startup time and JSP compilation time.
2023-10-31 19:23:21.916 INFO  2097 --- [ main ] o.a.c.c.C.[Tomcat].[localhost].[/] - Initializing Spring embedded WebApplicationContext
2023-10-31 19:23:21.917 INFO  2098 --- [ main ] o.s.b.w.s.c.ServletWebServerApplicationContext - Root WebApplicationContext: initialization completed in 1364 ms
2023-10-31 19:23:22.154 INFO  2335 --- [ main ] o.s.b.a.w.s.WelcomePageHandlerMapping - Adding welcome page template: index
2023-10-31 19:23:22.200 DEBUG 2381 --- [ main ] _.s.w.s.HandlerMapping.Mappings - 
	c.s.h.b.c.BoardController:
	{GET [/boardList]}: BoardList()
	{GET [/boardWrite]}: BoardWrite()
2023-10-31 19:23:22.201 DEBUG 2382 --- [ main ] _.s.w.s.HandlerMapping.Mappings - 
	c.s.h.b.c.PotoBoardController:
	{GET [/potoBoardList]}: PotoBoardList()
2023-10-31 19:23:22.202 DEBUG 2383 --- [ main ] _.s.w.s.HandlerMapping.Mappings - 
	c.s.h.c.c.MainController:
	{GET [/main || /]}: Main()
2023-10-31 19:23:22.203 DEBUG 2384 --- [ main ] _.s.w.s.HandlerMapping.Mappings - 
	c.s.h.r.c.registerController:
	{GET [/signUp]}: SignUp()
	{GET [/signIn]}: SignIN()
2023-10-31 19:23:22.203 DEBUG 2384 --- [ main ] _.s.w.s.HandlerMapping.Mappings - 
	c.s.h.SpringTestController:
	{GET [/index]}: test()
	{GET [/test]}: mvTest()
2023-10-31 19:23:22.205 DEBUG 2386 --- [ main ] _.s.w.s.HandlerMapping.Mappings - 
	o.s.b.a.w.s.e.BasicErrorController:
	{ [/error]}: error(HttpServletRequest)
	{ [/error], produces [text/html]}: errorHtml(HttpServletRequest,HttpServletResponse)
2023-10-31 19:23:22.212 DEBUG 2393 --- [ main ] _.s.w.s.HandlerMapping.Mappings - 'beanNameHandlerMapping' {}
2023-10-31 19:23:22.231 DEBUG 2412 --- [ main ] _.s.w.s.HandlerMapping.Mappings - 'resourceHandlerMapping' {/webjars/**=ResourceHttpRequestHandler [classpath [META-INF/resources/webjars/]], /resources/static/**=ResourceHttpRequestHandler [classpath [META-INF/resources/], classpath [resources/], classpath [static/], classpath [public/], ServletContext [/]]}
2023-10-31 19:23:22.289 INFO  2470 --- [ main ] o.a.coyote.http11.Http11NioProtocol - Starting ProtocolHandler ["http-nio-8888"]
2023-10-31 19:23:22.327 INFO  2508 --- [ main ] o.s.b.w.e.tomcat.TomcatWebServer - Tomcat started on port(s): 8888 (http) with context path ''
2023-10-31 19:23:22.337 INFO  2518 --- [ main ] c.study.hestudy.HestudyApplication - Started HestudyApplication in 2.172 seconds (process running for 2.746)
2023-10-31 19:23:29.255 INFO  9436 --- [ http-nio-8888-exec-1 ] o.a.c.c.C.[Tomcat].[localhost].[/] - Initializing Spring DispatcherServlet 'dispatcherServlet'
2023-10-31 19:23:29.256 INFO  9437 --- [ http-nio-8888-exec-1 ] o.s.web.servlet.DispatcherServlet - Initializing Servlet 'dispatcherServlet'
2023-10-31 19:23:29.257 INFO  9438 --- [ http-nio-8888-exec-1 ] o.s.web.servlet.DispatcherServlet - Completed initialization in 1 ms
2023-10-31 19:23:29.297 INFO  9478 --- [ http-nio-8888-exec-1 ] o.s.stereotype.Controller - MainController ###
2023-10-31 19:23:37.401 INFO  17582 --- [ http-nio-8888-exec-2 ] o.s.stereotype.Controller - MainController ###
2023-10-31 19:23:37.458 WARN  17639 --- [ http-nio-8888-exec-5 ] o.s.web.servlet.PageNotFound - No mapping for GET /favicon.ico
2023-10-31 19:25:08.598 INFO  703  --- [ main ] c.study.hestudy.HestudyApplication - Starting HestudyApplication using Java 17.0.7 with PID 8484 (C:\develop\hestudy\HEstudy\hestudy\target\classes started by 82105 in C:\develop\hestudy\HEstudy\hestudy)
2023-10-31 19:25:08.601 DEBUG 706  --- [ main ] c.study.hestudy.HestudyApplication - Running with Spring Boot v3.1.1, Spring v6.0.10
2023-10-31 19:25:08.601 INFO  706  --- [ main ] c.study.hestudy.HestudyApplication - No active profile set, falling back to 1 default profile: "default"
2023-10-31 19:25:09.725 INFO  1830 --- [ main ] o.s.b.w.e.tomcat.TomcatWebServer - Tomcat initialized with port(s): 8888 (http)
2023-10-31 19:25:09.733 INFO  1838 --- [ main ] o.a.coyote.http11.Http11NioProtocol - Initializing ProtocolHandler ["http-nio-8888"]
2023-10-31 19:25:09.735 INFO  1840 --- [ main ] o.a.catalina.core.StandardService - Starting service [Tomcat]
2023-10-31 19:25:09.735 INFO  1840 --- [ main ] o.a.catalina.core.StandardEngine - Starting Servlet engine: [Apache Tomcat/10.1.10]
2023-10-31 19:25:10.050 INFO  2155 --- [ main ] o.apache.jasper.servlet.TldScanner - At least one JAR was scanned for TLDs yet contained no TLDs. Enable debug logging for this logger for a complete list of JARs that were scanned but no TLDs were found in them. Skipping unneeded JARs during scanning can improve startup time and JSP compilation time.
2023-10-31 19:25:10.063 INFO  2168 --- [ main ] o.a.c.c.C.[Tomcat].[localhost].[/] - Initializing Spring embedded WebApplicationContext
2023-10-31 19:25:10.064 INFO  2169 --- [ main ] o.s.b.w.s.c.ServletWebServerApplicationContext - Root WebApplicationContext: initialization completed in 1413 ms
2023-10-31 19:25:10.318 INFO  2423 --- [ main ] o.s.b.a.w.s.WelcomePageHandlerMapping - Adding welcome page template: index
2023-10-31 19:25:10.365 DEBUG 2470 --- [ main ] _.s.w.s.HandlerMapping.Mappings - 
	c.s.h.b.c.BoardController:
	{GET [/boardList]}: BoardList()
	{GET [/boardWrite]}: BoardWrite()
2023-10-31 19:25:10.367 DEBUG 2472 --- [ main ] _.s.w.s.HandlerMapping.Mappings - 
	c.s.h.b.c.PotoBoardController:
	{GET [/potoBoardList]}: PotoBoardList()
2023-10-31 19:25:10.368 DEBUG 2473 --- [ main ] _.s.w.s.HandlerMapping.Mappings - 
	c.s.h.c.c.MainController:
	{GET [/main || /]}: Main()
2023-10-31 19:25:10.369 DEBUG 2474 --- [ main ] _.s.w.s.HandlerMapping.Mappings - 
	c.s.h.r.c.registerController:
	{GET [/signUp]}: SignUp()
	{GET [/signIn]}: SignIN()
2023-10-31 19:25:10.371 DEBUG 2476 --- [ main ] _.s.w.s.HandlerMapping.Mappings - 
	c.s.h.SpringTestController:
	{GET [/index]}: test()
	{GET [/test]}: mvTest()
2023-10-31 19:25:10.377 DEBUG 2482 --- [ main ] _.s.w.s.HandlerMapping.Mappings - 
	o.s.b.a.w.s.e.BasicErrorController:
	{ [/error]}: error(HttpServletRequest)
	{ [/error], produces [text/html]}: errorHtml(HttpServletRequest,HttpServletResponse)
2023-10-31 19:25:10.384 DEBUG 2489 --- [ main ] _.s.w.s.HandlerMapping.Mappings - 'beanNameHandlerMapping' {}
2023-10-31 19:25:10.401 DEBUG 2506 --- [ main ] _.s.w.s.HandlerMapping.Mappings - 'resourceHandlerMapping' {/webjars/**=ResourceHttpRequestHandler [classpath [META-INF/resources/webjars/]], /resources/static/**=ResourceHttpRequestHandler [classpath [META-INF/resources/], classpath [resources/], classpath [static/], classpath [public/], ServletContext [/]]}
2023-10-31 19:25:10.457 INFO  2562 --- [ main ] o.a.coyote.http11.Http11NioProtocol - Starting ProtocolHandler ["http-nio-8888"]
2023-10-31 19:25:10.488 INFO  2593 --- [ main ] o.s.b.w.e.tomcat.TomcatWebServer - Tomcat started on port(s): 8888 (http) with context path ''
2023-10-31 19:25:10.497 INFO  2602 --- [ main ] c.study.hestudy.HestudyApplication - Started HestudyApplication in 2.244 seconds (process running for 2.827)
2023-10-31 19:25:18.084 INFO  10189 --- [ http-nio-8888-exec-1 ] o.a.c.c.C.[Tomcat].[localhost].[/] - Initializing Spring DispatcherServlet 'dispatcherServlet'
2023-10-31 19:25:18.085 INFO  10190 --- [ http-nio-8888-exec-1 ] o.s.web.servlet.DispatcherServlet - Initializing Servlet 'dispatcherServlet'
2023-10-31 19:25:18.088 INFO  10193 --- [ http-nio-8888-exec-1 ] o.s.web.servlet.DispatcherServlet - Completed initialization in 3 ms
2023-10-31 19:25:18.124 INFO  10229 --- [ http-nio-8888-exec-1 ] o.s.stereotype.Controller - MainController ###
2023-10-31 19:27:10.978 INFO  694  --- [ main ] c.study.hestudy.HestudyApplication - Starting HestudyApplication using Java 17.0.7 with PID 22184 (C:\develop\hestudy\HEstudy\hestudy\target\classes started by 82105 in C:\develop\hestudy\HEstudy\hestudy)
2023-10-31 19:27:10.983 DEBUG 699  --- [ main ] c.study.hestudy.HestudyApplication - Running with Spring Boot v3.1.1, Spring v6.0.10
2023-10-31 19:27:10.984 INFO  700  --- [ main ] c.study.hestudy.HestudyApplication - No active profile set, falling back to 1 default profile: "default"
2023-10-31 19:27:12.171 INFO  1887 --- [ main ] o.s.b.w.e.tomcat.TomcatWebServer - Tomcat initialized with port(s): 8888 (http)
2023-10-31 19:27:12.179 INFO  1895 --- [ main ] o.a.coyote.http11.Http11NioProtocol - Initializing ProtocolHandler ["http-nio-8888"]
2023-10-31 19:27:12.181 INFO  1897 --- [ main ] o.a.catalina.core.StandardService - Starting service [Tomcat]
2023-10-31 19:27:12.181 INFO  1897 --- [ main ] o.a.catalina.core.StandardEngine - Starting Servlet engine: [Apache Tomcat/10.1.10]
2023-10-31 19:27:12.468 INFO  2184 --- [ main ] o.apache.jasper.servlet.TldScanner - At least one JAR was scanned for TLDs yet contained no TLDs. Enable debug logging for this logger for a complete list of JARs that were scanned but no TLDs were found in them. Skipping unneeded JARs during scanning can improve startup time and JSP compilation time.
2023-10-31 19:27:12.480 INFO  2196 --- [ main ] o.a.c.c.C.[Tomcat].[localhost].[/] - Initializing Spring embedded WebApplicationContext
2023-10-31 19:27:12.481 INFO  2197 --- [ main ] o.s.b.w.s.c.ServletWebServerApplicationContext - Root WebApplicationContext: initialization completed in 1433 ms
2023-10-31 19:27:12.734 INFO  2450 --- [ main ] o.s.b.a.w.s.WelcomePageHandlerMapping - Adding welcome page template: index
2023-10-31 19:27:12.782 DEBUG 2498 --- [ main ] _.s.w.s.HandlerMapping.Mappings - 
	c.s.h.b.c.BoardController:
	{GET [/boardList]}: BoardList()
	{GET [/boardWrite]}: BoardWrite()
2023-10-31 19:27:12.784 DEBUG 2500 --- [ main ] _.s.w.s.HandlerMapping.Mappings - 
	c.s.h.b.c.PotoBoardController:
	{GET [/potoBoardList]}: PotoBoardList()
2023-10-31 19:27:12.785 DEBUG 2501 --- [ main ] _.s.w.s.HandlerMapping.Mappings - 
	c.s.h.c.c.MainController:
	{GET [/main || /]}: Main()
2023-10-31 19:27:12.786 DEBUG 2502 --- [ main ] _.s.w.s.HandlerMapping.Mappings - 
	c.s.h.r.c.registerController:
	{GET [/signIn]}: SignIN()
	{GET [/signUp]}: SignUp()
2023-10-31 19:27:12.787 DEBUG 2503 --- [ main ] _.s.w.s.HandlerMapping.Mappings - 
	c.s.h.SpringTestController:
	{GET [/index]}: test()
	{GET [/test]}: mvTest()
2023-10-31 19:27:12.790 DEBUG 2506 --- [ main ] _.s.w.s.HandlerMapping.Mappings - 
	o.s.b.a.w.s.e.BasicErrorController:
	{ [/error]}: error(HttpServletRequest)
	{ [/error], produces [text/html]}: errorHtml(HttpServletRequest,HttpServletResponse)
2023-10-31 19:27:12.799 DEBUG 2515 --- [ main ] _.s.w.s.HandlerMapping.Mappings - 'beanNameHandlerMapping' {}
2023-10-31 19:27:12.814 DEBUG 2530 --- [ main ] _.s.w.s.HandlerMapping.Mappings - 'resourceHandlerMapping' {/webjars/**=ResourceHttpRequestHandler [classpath [META-INF/resources/webjars/]], /resources/static/**=ResourceHttpRequestHandler [classpath [META-INF/resources/], classpath [resources/], classpath [static/], classpath [public/], ServletContext [/]]}
2023-10-31 19:27:12.888 INFO  2604 --- [ main ] o.a.coyote.http11.Http11NioProtocol - Starting ProtocolHandler ["http-nio-8888"]
2023-10-31 19:27:12.927 INFO  2643 --- [ main ] o.s.b.w.e.tomcat.TomcatWebServer - Tomcat started on port(s): 8888 (http) with context path ''
2023-10-31 19:27:12.937 INFO  2653 --- [ main ] c.study.hestudy.HestudyApplication - Started HestudyApplication in 2.315 seconds (process running for 2.879)
2023-10-31 19:27:17.940 INFO  7656 --- [ http-nio-8888-exec-1 ] o.a.c.c.C.[Tomcat].[localhost].[/] - Initializing Spring DispatcherServlet 'dispatcherServlet'
2023-10-31 19:27:17.941 INFO  7657 --- [ http-nio-8888-exec-1 ] o.s.web.servlet.DispatcherServlet - Initializing Servlet 'dispatcherServlet'
2023-10-31 19:27:17.941 INFO  7657 --- [ http-nio-8888-exec-1 ] o.s.web.servlet.DispatcherServlet - Completed initialization in 0 ms
2023-10-31 19:27:17.973 INFO  7689 --- [ http-nio-8888-exec-1 ] o.s.stereotype.Controller - MainController ###
2023-10-31 19:29:45.239 INFO  676  --- [ main ] c.study.hestudy.HestudyApplication - Starting HestudyApplication using Java 17.0.7 with PID 20704 (C:\develop\hestudy\HEstudy\hestudy\target\classes started by 82105 in C:\develop\hestudy\HEstudy\hestudy)
2023-10-31 19:29:45.242 DEBUG 679  --- [ main ] c.study.hestudy.HestudyApplication - Running with Spring Boot v3.1.1, Spring v6.0.10
2023-10-31 19:29:45.243 INFO  680  --- [ main ] c.study.hestudy.HestudyApplication - No active profile set, falling back to 1 default profile: "default"
2023-10-31 19:29:46.321 INFO  1758 --- [ main ] o.s.b.w.e.tomcat.TomcatWebServer - Tomcat initialized with port(s): 8888 (http)
2023-10-31 19:29:46.328 INFO  1765 --- [ main ] o.a.coyote.http11.Http11NioProtocol - Initializing ProtocolHandler ["http-nio-8888"]
2023-10-31 19:29:46.330 INFO  1767 --- [ main ] o.a.catalina.core.StandardService - Starting service [Tomcat]
2023-10-31 19:29:46.330 INFO  1767 --- [ main ] o.a.catalina.core.StandardEngine - Starting Servlet engine: [Apache Tomcat/10.1.10]
2023-10-31 19:29:46.613 INFO  2050 --- [ main ] o.apache.jasper.servlet.TldScanner - At least one JAR was scanned for TLDs yet contained no TLDs. Enable debug logging for this logger for a complete list of JARs that were scanned but no TLDs were found in them. Skipping unneeded JARs during scanning can improve startup time and JSP compilation time.
2023-10-31 19:29:46.628 INFO  2065 --- [ main ] o.a.c.c.C.[Tomcat].[localhost].[/] - Initializing Spring embedded WebApplicationContext
2023-10-31 19:29:46.629 INFO  2066 --- [ main ] o.s.b.w.s.c.ServletWebServerApplicationContext - Root WebApplicationContext: initialization completed in 1323 ms
2023-10-31 19:29:46.874 INFO  2311 --- [ main ] o.s.b.a.w.s.WelcomePageHandlerMapping - Adding welcome page template: index
2023-10-31 19:29:46.914 DEBUG 2351 --- [ main ] _.s.w.s.HandlerMapping.Mappings - 
	c.s.h.b.c.BoardController:
	{GET [/boardList]}: BoardList()
	{GET [/boardWrite]}: BoardWrite()
2023-10-31 19:29:46.916 DEBUG 2353 --- [ main ] _.s.w.s.HandlerMapping.Mappings - 
	c.s.h.b.c.PotoBoardController:
	{GET [/potoBoardList]}: PotoBoardList()
2023-10-31 19:29:46.917 DEBUG 2354 --- [ main ] _.s.w.s.HandlerMapping.Mappings - 
	c.s.h.c.c.MainController:
	{GET [/main || /]}: Main()
2023-10-31 19:29:46.918 DEBUG 2355 --- [ main ] _.s.w.s.HandlerMapping.Mappings - 
	c.s.h.r.c.registerController:
	{GET [/signIn]}: SignIN()
	{GET [/signUp]}: SignUp()
2023-10-31 19:29:46.918 DEBUG 2355 --- [ main ] _.s.w.s.HandlerMapping.Mappings - 
	c.s.h.SpringTestController:
	{GET [/index]}: test()
	{GET [/test]}: mvTest()
2023-10-31 19:29:46.922 DEBUG 2359 --- [ main ] _.s.w.s.HandlerMapping.Mappings - 
	o.s.b.a.w.s.e.BasicErrorController:
	{ [/error]}: error(HttpServletRequest)
	{ [/error], produces [text/html]}: errorHtml(HttpServletRequest,HttpServletResponse)
2023-10-31 19:29:46.935 DEBUG 2372 --- [ main ] _.s.w.s.HandlerMapping.Mappings - 'beanNameHandlerMapping' {}
2023-10-31 19:29:46.956 DEBUG 2393 --- [ main ] _.s.w.s.HandlerMapping.Mappings - 'resourceHandlerMapping' {/webjars/**=ResourceHttpRequestHandler [classpath [META-INF/resources/webjars/]], /resources/static/**=ResourceHttpRequestHandler [classpath [META-INF/resources/], classpath [resources/], classpath [static/], classpath [public/], ServletContext [/]]}
2023-10-31 19:29:47.022 INFO  2459 --- [ main ] o.a.coyote.http11.Http11NioProtocol - Starting ProtocolHandler ["http-nio-8888"]
2023-10-31 19:29:47.067 INFO  2504 --- [ main ] o.s.b.w.e.tomcat.TomcatWebServer - Tomcat started on port(s): 8888 (http) with context path ''
2023-10-31 19:29:47.080 INFO  2517 --- [ main ] c.study.hestudy.HestudyApplication - Started HestudyApplication in 2.172 seconds (process running for 2.743)
2023-10-31 19:29:51.465 INFO  6902 --- [ http-nio-8888-exec-2 ] o.a.c.c.C.[Tomcat].[localhost].[/] - Initializing Spring DispatcherServlet 'dispatcherServlet'
2023-10-31 19:29:51.465 INFO  6902 --- [ http-nio-8888-exec-2 ] o.s.web.servlet.DispatcherServlet - Initializing Servlet 'dispatcherServlet'
2023-10-31 19:29:51.466 INFO  6903 --- [ http-nio-8888-exec-2 ] o.s.web.servlet.DispatcherServlet - Completed initialization in 1 ms
2023-10-31 19:29:51.512 INFO  6949 --- [ http-nio-8888-exec-2 ] o.s.stereotype.Controller - MainController ###
2023-10-31 19:30:07.985 INFO  697  --- [ main ] c.study.hestudy.HestudyApplication - Starting HestudyApplication using Java 17.0.7 with PID 21732 (C:\develop\hestudy\HEstudy\hestudy\target\classes started by 82105 in C:\develop\hestudy\HEstudy\hestudy)
2023-10-31 19:30:07.988 DEBUG 700  --- [ main ] c.study.hestudy.HestudyApplication - Running with Spring Boot v3.1.1, Spring v6.0.10
2023-10-31 19:30:07.989 INFO  701  --- [ main ] c.study.hestudy.HestudyApplication - No active profile set, falling back to 1 default profile: "default"
2023-10-31 19:30:09.103 INFO  1815 --- [ main ] o.s.b.w.e.tomcat.TomcatWebServer - Tomcat initialized with port(s): 8888 (http)
2023-10-31 19:30:09.113 INFO  1825 --- [ main ] o.a.coyote.http11.Http11NioProtocol - Initializing ProtocolHandler ["http-nio-8888"]
2023-10-31 19:30:09.116 INFO  1828 --- [ main ] o.a.catalina.core.StandardService - Starting service [Tomcat]
2023-10-31 19:30:09.116 INFO  1828 --- [ main ] o.a.catalina.core.StandardEngine - Starting Servlet engine: [Apache Tomcat/10.1.10]
2023-10-31 19:30:09.411 INFO  2123 --- [ main ] o.apache.jasper.servlet.TldScanner - At least one JAR was scanned for TLDs yet contained no TLDs. Enable debug logging for this logger for a complete list of JARs that were scanned but no TLDs were found in them. Skipping unneeded JARs during scanning can improve startup time and JSP compilation time.
2023-10-31 19:30:09.422 INFO  2134 --- [ main ] o.a.c.c.C.[Tomcat].[localhost].[/] - Initializing Spring embedded WebApplicationContext
2023-10-31 19:30:09.422 INFO  2134 --- [ main ] o.s.b.w.s.c.ServletWebServerApplicationContext - Root WebApplicationContext: initialization completed in 1369 ms
2023-10-31 19:30:09.658 INFO  2370 --- [ main ] o.s.b.a.w.s.WelcomePageHandlerMapping - Adding welcome page template: index
2023-10-31 19:30:09.696 DEBUG 2408 --- [ main ] _.s.w.s.HandlerMapping.Mappings - 
	c.s.h.b.c.BoardController:
	{GET [/boardWrite]}: BoardWrite()
	{GET [/boardList]}: BoardList()
2023-10-31 19:30:09.697 DEBUG 2409 --- [ main ] _.s.w.s.HandlerMapping.Mappings - 
	c.s.h.b.c.PotoBoardController:
	{GET [/potoBoardList]}: PotoBoardList()
2023-10-31 19:30:09.698 DEBUG 2410 --- [ main ] _.s.w.s.HandlerMapping.Mappings - 
	c.s.h.c.c.MainController:
	{GET [/main || /]}: Main()
2023-10-31 19:30:09.698 DEBUG 2410 --- [ main ] _.s.w.s.HandlerMapping.Mappings - 
	c.s.h.r.c.registerController:
	{GET [/signIn]}: SignIN()
	{GET [/signUp]}: SignUp()
2023-10-31 19:30:09.699 DEBUG 2411 --- [ main ] _.s.w.s.HandlerMapping.Mappings - 
	c.s.h.SpringTestController:
	{GET [/index]}: test()
	{GET [/test]}: mvTest()
2023-10-31 19:30:09.701 DEBUG 2413 --- [ main ] _.s.w.s.HandlerMapping.Mappings - 
	o.s.b.a.w.s.e.BasicErrorController:
	{ [/error]}: error(HttpServletRequest)
	{ [/error], produces [text/html]}: errorHtml(HttpServletRequest,HttpServletResponse)
2023-10-31 19:30:09.709 DEBUG 2421 --- [ main ] _.s.w.s.HandlerMapping.Mappings - 'beanNameHandlerMapping' {}
2023-10-31 19:30:09.723 DEBUG 2435 --- [ main ] _.s.w.s.HandlerMapping.Mappings - 'resourceHandlerMapping' {/webjars/**=ResourceHttpRequestHandler [classpath [META-INF/resources/webjars/]], /resources/static/**=ResourceHttpRequestHandler [classpath [META-INF/resources/], classpath [resources/], classpath [static/], classpath [public/], ServletContext [/]]}
2023-10-31 19:30:09.806 INFO  2518 --- [ main ] o.a.coyote.http11.Http11NioProtocol - Starting ProtocolHandler ["http-nio-8888"]
2023-10-31 19:30:09.849 INFO  2561 --- [ main ] o.s.b.w.e.tomcat.TomcatWebServer - Tomcat started on port(s): 8888 (http) with context path ''
2023-10-31 19:30:09.862 INFO  2574 --- [ main ] c.study.hestudy.HestudyApplication - Started HestudyApplication in 2.208 seconds (process running for 2.816)
2023-10-31 19:30:23.118 INFO  15830 --- [ http-nio-8888-exec-1 ] o.a.c.c.C.[Tomcat].[localhost].[/] - Initializing Spring DispatcherServlet 'dispatcherServlet'
2023-10-31 19:30:23.118 INFO  15830 --- [ http-nio-8888-exec-1 ] o.s.web.servlet.DispatcherServlet - Initializing Servlet 'dispatcherServlet'
2023-10-31 19:30:23.119 INFO  15831 --- [ http-nio-8888-exec-1 ] o.s.web.servlet.DispatcherServlet - Completed initialization in 1 ms
2023-10-31 19:30:23.159 INFO  15871 --- [ http-nio-8888-exec-1 ] o.s.stereotype.Controller - MainController ###
2023-10-31 19:30:42.004 INFO  674  --- [ main ] c.study.hestudy.HestudyApplication - Starting HestudyApplication using Java 17.0.7 with PID 26668 (C:\develop\hestudy\HEstudy\hestudy\target\classes started by 82105 in C:\develop\hestudy\HEstudy\hestudy)
2023-10-31 19:30:42.006 DEBUG 676  --- [ main ] c.study.hestudy.HestudyApplication - Running with Spring Boot v3.1.1, Spring v6.0.10
2023-10-31 19:30:42.007 INFO  677  --- [ main ] c.study.hestudy.HestudyApplication - No active profile set, falling back to 1 default profile: "default"
2023-10-31 19:30:43.148 INFO  1818 --- [ main ] o.s.b.w.e.tomcat.TomcatWebServer - Tomcat initialized with port(s): 8888 (http)
2023-10-31 19:30:43.156 INFO  1826 --- [ main ] o.a.coyote.http11.Http11NioProtocol - Initializing ProtocolHandler ["http-nio-8888"]
2023-10-31 19:30:43.158 INFO  1828 --- [ main ] o.a.catalina.core.StandardService - Starting service [Tomcat]
2023-10-31 19:30:43.158 INFO  1828 --- [ main ] o.a.catalina.core.StandardEngine - Starting Servlet engine: [Apache Tomcat/10.1.10]
2023-10-31 19:30:43.435 INFO  2105 --- [ main ] o.apache.jasper.servlet.TldScanner - At least one JAR was scanned for TLDs yet contained no TLDs. Enable debug logging for this logger for a complete list of JARs that were scanned but no TLDs were found in them. Skipping unneeded JARs during scanning can improve startup time and JSP compilation time.
2023-10-31 19:30:43.447 INFO  2117 --- [ main ] o.a.c.c.C.[Tomcat].[localhost].[/] - Initializing Spring embedded WebApplicationContext
2023-10-31 19:30:43.447 INFO  2117 --- [ main ] o.s.b.w.s.c.ServletWebServerApplicationContext - Root WebApplicationContext: initialization completed in 1397 ms
2023-10-31 19:30:43.698 INFO  2368 --- [ main ] o.s.b.a.w.s.WelcomePageHandlerMapping - Adding welcome page template: index
2023-10-31 19:30:43.750 DEBUG 2420 --- [ main ] _.s.w.s.HandlerMapping.Mappings - 
	c.s.h.b.c.BoardController:
	{GET [/boardList]}: BoardList()
	{GET [/boardWrite]}: BoardWrite()
2023-10-31 19:30:43.753 DEBUG 2423 --- [ main ] _.s.w.s.HandlerMapping.Mappings - 
	c.s.h.b.c.PotoBoardController:
	{GET [/potoBoardList]}: PotoBoardList()
2023-10-31 19:30:43.754 DEBUG 2424 --- [ main ] _.s.w.s.HandlerMapping.Mappings - 
	c.s.h.c.c.MainController:
	{GET [/main || /]}: Main()
2023-10-31 19:30:43.755 DEBUG 2425 --- [ main ] _.s.w.s.HandlerMapping.Mappings - 
	c.s.h.r.c.registerController:
	{GET [/signUp]}: SignUp()
	{GET [/signIn]}: SignIN()
2023-10-31 19:30:43.755 DEBUG 2425 --- [ main ] _.s.w.s.HandlerMapping.Mappings - 
	c.s.h.SpringTestController:
	{GET [/index]}: test()
	{GET [/test]}: mvTest()
2023-10-31 19:30:43.757 DEBUG 2427 --- [ main ] _.s.w.s.HandlerMapping.Mappings - 
	o.s.b.a.w.s.e.BasicErrorController:
	{ [/error]}: error(HttpServletRequest)
	{ [/error], produces [text/html]}: errorHtml(HttpServletRequest,HttpServletResponse)
2023-10-31 19:30:43.768 DEBUG 2438 --- [ main ] _.s.w.s.HandlerMapping.Mappings - 'beanNameHandlerMapping' {}
2023-10-31 19:30:43.784 DEBUG 2454 --- [ main ] _.s.w.s.HandlerMapping.Mappings - 'resourceHandlerMapping' {/webjars/**=ResourceHttpRequestHandler [classpath [META-INF/resources/webjars/]], /resources/static/**=ResourceHttpRequestHandler [classpath [META-INF/resources/], classpath [resources/], classpath [static/], classpath [public/], ServletContext [/]]}
2023-10-31 19:30:43.855 INFO  2525 --- [ main ] o.a.coyote.http11.Http11NioProtocol - Starting ProtocolHandler ["http-nio-8888"]
2023-10-31 19:30:43.898 INFO  2568 --- [ main ] o.s.b.w.e.tomcat.TomcatWebServer - Tomcat started on port(s): 8888 (http) with context path ''
2023-10-31 19:30:43.911 INFO  2581 --- [ main ] c.study.hestudy.HestudyApplication - Started HestudyApplication in 2.236 seconds (process running for 2.819)
2023-10-31 19:30:48.377 INFO  7047 --- [ http-nio-8888-exec-1 ] o.a.c.c.C.[Tomcat].[localhost].[/] - Initializing Spring DispatcherServlet 'dispatcherServlet'
2023-10-31 19:30:48.377 INFO  7047 --- [ http-nio-8888-exec-1 ] o.s.web.servlet.DispatcherServlet - Initializing Servlet 'dispatcherServlet'
2023-10-31 19:30:48.378 INFO  7048 --- [ http-nio-8888-exec-1 ] o.s.web.servlet.DispatcherServlet - Completed initialization in 1 ms
2023-10-31 19:30:48.416 INFO  7086 --- [ http-nio-8888-exec-1 ] o.s.stereotype.Controller - MainController ###
2023-10-31 19:32:56.586 INFO  135256 --- [ http-nio-8888-exec-7 ] o.s.stereotype.Controller - MainController ###
2023-10-31 19:33:00.070 INFO  138740 --- [ http-nio-8888-exec-9 ] o.s.stereotype.Controller - MainController ###
2023-10-31 19:34:01.928 INFO  200598 --- [ http-nio-8888-exec-2 ] o.s.stereotype.Controller - SignUpController ###
2023-10-31 19:34:52.258 INFO  250928 --- [ http-nio-8888-exec-6 ] o.s.stereotype.Controller - SignUpController ###
2023-10-31 19:37:19.508 INFO  696  --- [ main ] c.study.hestudy.HestudyApplication - Starting HestudyApplication using Java 17.0.7 with PID 21572 (C:\develop\hestudy\HEstudy\hestudy\target\classes started by 82105 in C:\develop\hestudy\HEstudy\hestudy)
2023-10-31 19:37:19.511 DEBUG 699  --- [ main ] c.study.hestudy.HestudyApplication - Running with Spring Boot v3.1.1, Spring v6.0.10
2023-10-31 19:37:19.513 INFO  701  --- [ main ] c.study.hestudy.HestudyApplication - No active profile set, falling back to 1 default profile: "default"
2023-10-31 19:37:20.683 INFO  1871 --- [ main ] o.s.b.w.e.tomcat.TomcatWebServer - Tomcat initialized with port(s): 8888 (http)
2023-10-31 19:37:20.693 INFO  1881 --- [ main ] o.a.coyote.http11.Http11NioProtocol - Initializing ProtocolHandler ["http-nio-8888"]
2023-10-31 19:37:20.695 INFO  1883 --- [ main ] o.a.catalina.core.StandardService - Starting service [Tomcat]
2023-10-31 19:37:20.695 INFO  1883 --- [ main ] o.a.catalina.core.StandardEngine - Starting Servlet engine: [Apache Tomcat/10.1.10]
2023-10-31 19:37:20.993 INFO  2181 --- [ main ] o.apache.jasper.servlet.TldScanner - At least one JAR was scanned for TLDs yet contained no TLDs. Enable debug logging for this logger for a complete list of JARs that were scanned but no TLDs were found in them. Skipping unneeded JARs during scanning can improve startup time and JSP compilation time.
2023-10-31 19:37:21.005 INFO  2193 --- [ main ] o.a.c.c.C.[Tomcat].[localhost].[/] - Initializing Spring embedded WebApplicationContext
2023-10-31 19:37:21.006 INFO  2194 --- [ main ] o.s.b.w.s.c.ServletWebServerApplicationContext - Root WebApplicationContext: initialization completed in 1441 ms
2023-10-31 19:37:21.291 INFO  2479 --- [ main ] o.s.b.a.w.s.WelcomePageHandlerMapping - Adding welcome page template: index
2023-10-31 19:37:21.342 DEBUG 2530 --- [ main ] _.s.w.s.HandlerMapping.Mappings - 
	c.s.h.b.c.BoardController:
	{GET [/boardList]}: BoardList()
	{GET [/boardWrite]}: BoardWrite()
2023-10-31 19:37:21.343 DEBUG 2531 --- [ main ] _.s.w.s.HandlerMapping.Mappings - 
	c.s.h.b.c.PotoBoardController:
	{GET [/potoBoardList]}: PotoBoardList()
2023-10-31 19:37:21.344 DEBUG 2532 --- [ main ] _.s.w.s.HandlerMapping.Mappings - 
	c.s.h.c.c.MainController:
	{GET [/main || /]}: Main()
2023-10-31 19:37:21.344 DEBUG 2532 --- [ main ] _.s.w.s.HandlerMapping.Mappings - 
	c.s.h.r.c.registerController:
	{GET [/signIn]}: SignIN()
	{GET [/signUp]}: SignUp()
2023-10-31 19:37:21.345 DEBUG 2533 --- [ main ] _.s.w.s.HandlerMapping.Mappings - 
	c.s.h.SpringTestController:
	{GET [/index]}: test()
	{GET [/test]}: mvTest()
2023-10-31 19:37:21.346 DEBUG 2534 --- [ main ] _.s.w.s.HandlerMapping.Mappings - 
	o.s.b.a.w.s.e.BasicErrorController:
	{ [/error]}: error(HttpServletRequest)
	{ [/error], produces [text/html]}: errorHtml(HttpServletRequest,HttpServletResponse)
2023-10-31 19:37:21.354 DEBUG 2542 --- [ main ] _.s.w.s.HandlerMapping.Mappings - 'beanNameHandlerMapping' {}
2023-10-31 19:37:21.367 DEBUG 2555 --- [ main ] _.s.w.s.HandlerMapping.Mappings - 'resourceHandlerMapping' {/webjars/**=ResourceHttpRequestHandler [classpath [META-INF/resources/webjars/]], /resources/static/**=ResourceHttpRequestHandler [classpath [META-INF/resources/], classpath [resources/], classpath [static/], classpath [public/], ServletContext [/]]}
2023-10-31 19:37:21.440 INFO  2628 --- [ main ] o.a.coyote.http11.Http11NioProtocol - Starting ProtocolHandler ["http-nio-8888"]
2023-10-31 19:37:21.473 INFO  2661 --- [ main ] o.s.b.w.e.tomcat.TomcatWebServer - Tomcat started on port(s): 8888 (http) with context path ''
2023-10-31 19:37:21.482 INFO  2670 --- [ main ] c.study.hestudy.HestudyApplication - Started HestudyApplication in 2.327 seconds (process running for 2.905)
2023-10-31 19:37:30.751 INFO  11939 --- [ http-nio-8888-exec-1 ] o.a.c.c.C.[Tomcat].[localhost].[/] - Initializing Spring DispatcherServlet 'dispatcherServlet'
2023-10-31 19:37:30.751 INFO  11939 --- [ http-nio-8888-exec-1 ] o.s.web.servlet.DispatcherServlet - Initializing Servlet 'dispatcherServlet'
2023-10-31 19:37:30.754 INFO  11942 --- [ http-nio-8888-exec-1 ] o.s.web.servlet.DispatcherServlet - Completed initialization in 2 ms
2023-10-31 19:37:30.790 INFO  11978 --- [ http-nio-8888-exec-1 ] o.s.stereotype.Controller - SignUpController ###
2023-10-31 19:42:04.099 INFO  675  --- [ main ] c.study.hestudy.HestudyApplication - Starting HestudyApplication using Java 17.0.7 with PID 28652 (C:\develop\hestudy\HEstudy\hestudy\target\classes started by 82105 in C:\develop\hestudy\HEstudy\hestudy)
2023-10-31 19:42:04.102 DEBUG 678  --- [ main ] c.study.hestudy.HestudyApplication - Running with Spring Boot v3.1.1, Spring v6.0.10
2023-10-31 19:42:04.105 INFO  681  --- [ main ] c.study.hestudy.HestudyApplication - No active profile set, falling back to 1 default profile: "default"
2023-10-31 19:42:05.189 INFO  1765 --- [ main ] o.s.b.w.e.tomcat.TomcatWebServer - Tomcat initialized with port(s): 8888 (http)
2023-10-31 19:42:05.196 INFO  1772 --- [ main ] o.a.coyote.http11.Http11NioProtocol - Initializing ProtocolHandler ["http-nio-8888"]
2023-10-31 19:42:05.198 INFO  1774 --- [ main ] o.a.catalina.core.StandardService - Starting service [Tomcat]
2023-10-31 19:42:05.198 INFO  1774 --- [ main ] o.a.catalina.core.StandardEngine - Starting Servlet engine: [Apache Tomcat/10.1.10]
2023-10-31 19:42:05.510 INFO  2086 --- [ main ] o.apache.jasper.servlet.TldScanner - At least one JAR was scanned for TLDs yet contained no TLDs. Enable debug logging for this logger for a complete list of JARs that were scanned but no TLDs were found in them. Skipping unneeded JARs during scanning can improve startup time and JSP compilation time.
2023-10-31 19:42:05.520 INFO  2096 --- [ main ] o.a.c.c.C.[Tomcat].[localhost].[/] - Initializing Spring embedded WebApplicationContext
2023-10-31 19:42:05.521 INFO  2097 --- [ main ] o.s.b.w.s.c.ServletWebServerApplicationContext - Root WebApplicationContext: initialization completed in 1365 ms
2023-10-31 19:42:05.768 INFO  2344 --- [ main ] o.s.b.a.w.s.WelcomePageHandlerMapping - Adding welcome page template: index
2023-10-31 19:42:05.817 DEBUG 2393 --- [ main ] _.s.w.s.HandlerMapping.Mappings - 
	c.s.h.b.c.BoardController:
	{GET [/boardList]}: BoardList()
	{GET [/boardWrite]}: BoardWrite()
2023-10-31 19:42:05.819 DEBUG 2395 --- [ main ] _.s.w.s.HandlerMapping.Mappings - 
	c.s.h.b.c.PotoBoardController:
	{GET [/potoBoardList]}: PotoBoardList()
2023-10-31 19:42:05.820 DEBUG 2396 --- [ main ] _.s.w.s.HandlerMapping.Mappings - 
	c.s.h.c.c.MainController:
	{GET [/main || /]}: Main()
2023-10-31 19:42:05.821 DEBUG 2397 --- [ main ] _.s.w.s.HandlerMapping.Mappings - 
	c.s.h.r.c.registerController:
	{GET [/signUp]}: SignUp()
	{GET [/signIn]}: SignIN()
2023-10-31 19:42:05.822 DEBUG 2398 --- [ main ] _.s.w.s.HandlerMapping.Mappings - 
	c.s.h.SpringTestController:
	{GET [/index]}: test()
	{GET [/test]}: mvTest()
2023-10-31 19:42:05.825 DEBUG 2401 --- [ main ] _.s.w.s.HandlerMapping.Mappings - 
	o.s.b.a.w.s.e.BasicErrorController:
	{ [/error]}: error(HttpServletRequest)
	{ [/error], produces [text/html]}: errorHtml(HttpServletRequest,HttpServletResponse)
2023-10-31 19:42:05.833 DEBUG 2409 --- [ main ] _.s.w.s.HandlerMapping.Mappings - 'beanNameHandlerMapping' {}
2023-10-31 19:42:05.857 DEBUG 2433 --- [ main ] _.s.w.s.HandlerMapping.Mappings - 'resourceHandlerMapping' {/webjars/**=ResourceHttpRequestHandler [classpath [META-INF/resources/webjars/]], /resources/static/**=ResourceHttpRequestHandler [classpath [META-INF/resources/], classpath [resources/], classpath [static/], classpath [public/], ServletContext [/]]}
2023-10-31 19:42:05.919 INFO  2495 --- [ main ] o.a.coyote.http11.Http11NioProtocol - Starting ProtocolHandler ["http-nio-8888"]
2023-10-31 19:42:05.957 INFO  2533 --- [ main ] o.s.b.w.e.tomcat.TomcatWebServer - Tomcat started on port(s): 8888 (http) with context path ''
2023-10-31 19:42:05.968 INFO  2544 --- [ main ] c.study.hestudy.HestudyApplication - Started HestudyApplication in 2.207 seconds (process running for 2.783)
2023-10-31 19:42:17.200 INFO  13776 --- [ http-nio-8888-exec-1 ] o.a.c.c.C.[Tomcat].[localhost].[/] - Initializing Spring DispatcherServlet 'dispatcherServlet'
2023-10-31 19:42:17.200 INFO  13776 --- [ http-nio-8888-exec-1 ] o.s.web.servlet.DispatcherServlet - Initializing Servlet 'dispatcherServlet'
2023-10-31 19:42:17.202 INFO  13778 --- [ http-nio-8888-exec-1 ] o.s.web.servlet.DispatcherServlet - Completed initialization in 1 ms
2023-10-31 19:42:17.235 INFO  13811 --- [ http-nio-8888-exec-1 ] o.s.stereotype.Controller - SignUpController ###
2023-10-31 19:47:46.217 INFO  669  --- [ main ] c.study.hestudy.HestudyApplication - Starting HestudyApplication using Java 17.0.7 with PID 24828 (C:\develop\hestudy\HEstudy\hestudy\target\classes started by 82105 in C:\develop\hestudy\HEstudy\hestudy)
2023-10-31 19:47:46.224 DEBUG 676  --- [ main ] c.study.hestudy.HestudyApplication - Running with Spring Boot v3.1.1, Spring v6.0.10
2023-10-31 19:47:46.225 INFO  677  --- [ main ] c.study.hestudy.HestudyApplication - No active profile set, falling back to 1 default profile: "default"
2023-10-31 19:47:47.286 INFO  1738 --- [ main ] o.s.b.w.e.tomcat.TomcatWebServer - Tomcat initialized with port(s): 8888 (http)
2023-10-31 19:47:47.293 INFO  1745 --- [ main ] o.a.coyote.http11.Http11NioProtocol - Initializing ProtocolHandler ["http-nio-8888"]
2023-10-31 19:47:47.294 INFO  1746 --- [ main ] o.a.catalina.core.StandardService - Starting service [Tomcat]
2023-10-31 19:47:47.295 INFO  1747 --- [ main ] o.a.catalina.core.StandardEngine - Starting Servlet engine: [Apache Tomcat/10.1.10]
2023-10-31 19:47:47.586 INFO  2038 --- [ main ] o.apache.jasper.servlet.TldScanner - At least one JAR was scanned for TLDs yet contained no TLDs. Enable debug logging for this logger for a complete list of JARs that were scanned but no TLDs were found in them. Skipping unneeded JARs during scanning can improve startup time and JSP compilation time.
2023-10-31 19:47:47.598 INFO  2050 --- [ main ] o.a.c.c.C.[Tomcat].[localhost].[/] - Initializing Spring embedded WebApplicationContext
2023-10-31 19:47:47.599 INFO  2051 --- [ main ] o.s.b.w.s.c.ServletWebServerApplicationContext - Root WebApplicationContext: initialization completed in 1314 ms
2023-10-31 19:47:47.811 INFO  2263 --- [ main ] o.s.b.a.w.s.WelcomePageHandlerMapping - Adding welcome page template: index
2023-10-31 19:47:47.878 DEBUG 2330 --- [ main ] _.s.w.s.HandlerMapping.Mappings - 
	c.s.h.b.c.BoardController:
	{GET [/boardWrite]}: BoardWrite()
	{GET [/boardList]}: BoardList()
2023-10-31 19:47:47.881 DEBUG 2333 --- [ main ] _.s.w.s.HandlerMapping.Mappings - 
	c.s.h.b.c.PotoBoardController:
	{GET [/potoBoardList]}: PotoBoardList()
2023-10-31 19:47:47.883 DEBUG 2335 --- [ main ] _.s.w.s.HandlerMapping.Mappings - 
	c.s.h.c.c.MainController:
	{GET [/main || /]}: Main()
2023-10-31 19:47:47.884 DEBUG 2336 --- [ main ] _.s.w.s.HandlerMapping.Mappings - 
	c.s.h.r.c.registerController:
	{GET [/signIn]}: SignIN()
	{GET [/signUp]}: SignUp()
2023-10-31 19:47:47.884 DEBUG 2336 --- [ main ] _.s.w.s.HandlerMapping.Mappings - 
	c.s.h.SpringTestController:
	{GET [/index]}: test()
	{GET [/test]}: mvTest()
2023-10-31 19:47:47.887 DEBUG 2339 --- [ main ] _.s.w.s.HandlerMapping.Mappings - 
	o.s.b.a.w.s.e.BasicErrorController:
	{ [/error]}: error(HttpServletRequest)
	{ [/error], produces [text/html]}: errorHtml(HttpServletRequest,HttpServletResponse)
2023-10-31 19:47:47.895 DEBUG 2347 --- [ main ] _.s.w.s.HandlerMapping.Mappings - 'beanNameHandlerMapping' {}
2023-10-31 19:47:47.912 DEBUG 2364 --- [ main ] _.s.w.s.HandlerMapping.Mappings - 'resourceHandlerMapping' {/webjars/**=ResourceHttpRequestHandler [classpath [META-INF/resources/webjars/]], /resources/static/**=ResourceHttpRequestHandler [classpath [META-INF/resources/], classpath [resources/], classpath [static/], classpath [public/], ServletContext [/]]}
2023-10-31 19:47:47.986 INFO  2438 --- [ main ] o.a.coyote.http11.Http11NioProtocol - Starting ProtocolHandler ["http-nio-8888"]
2023-10-31 19:47:48.020 INFO  2472 --- [ main ] o.s.b.w.e.tomcat.TomcatWebServer - Tomcat started on port(s): 8888 (http) with context path ''
2023-10-31 19:47:48.033 INFO  2485 --- [ main ] c.study.hestudy.HestudyApplication - Started HestudyApplication in 2.14 seconds (process running for 2.711)
2023-10-31 19:47:52.710 INFO  7162 --- [ http-nio-8888-exec-1 ] o.a.c.c.C.[Tomcat].[localhost].[/] - Initializing Spring DispatcherServlet 'dispatcherServlet'
2023-10-31 19:47:52.710 INFO  7162 --- [ http-nio-8888-exec-1 ] o.s.web.servlet.DispatcherServlet - Initializing Servlet 'dispatcherServlet'
2023-10-31 19:47:52.712 INFO  7164 --- [ http-nio-8888-exec-1 ] o.s.web.servlet.DispatcherServlet - Completed initialization in 0 ms
2023-10-31 19:47:52.741 INFO  7193 --- [ http-nio-8888-exec-1 ] o.s.stereotype.Controller - SignUpController ###
2023-10-31 19:48:05.370 INFO  19822 --- [ http-nio-8888-exec-5 ] o.s.stereotype.Controller - SignInController ###
2023-10-31 19:48:14.412 INFO  28864 --- [ http-nio-8888-exec-9 ] o.s.stereotype.Controller - SignUpController ###
2023-10-31 19:50:11.500 INFO  145952 --- [ http-nio-8888-exec-5 ] o.s.stereotype.Controller - SignUpController ###
2023-10-31 19:50:14.744 INFO  149196 --- [ http-nio-8888-exec-8 ] o.s.stereotype.Controller - SignInController ###
2023-10-31 19:50:49.953 INFO  184405 --- [ http-nio-8888-exec-3 ] o.s.stereotype.Controller - SignUpController ###
2023-10-31 19:56:17.012 INFO  511464 --- [ http-nio-8888-exec-8 ] o.s.stereotype.Controller - SignUpController ###
2023-10-31 19:57:24.943 INFO  660  --- [ main ] c.study.hestudy.HestudyApplication - Starting HestudyApplication using Java 17.0.7 with PID 596 (C:\develop\hestudy\HEstudy\hestudy\target\classes started by 82105 in C:\develop\hestudy\HEstudy\hestudy)
2023-10-31 19:57:24.947 DEBUG 664  --- [ main ] c.study.hestudy.HestudyApplication - Running with Spring Boot v3.1.1, Spring v6.0.10
2023-10-31 19:57:24.949 INFO  666  --- [ main ] c.study.hestudy.HestudyApplication - No active profile set, falling back to 1 default profile: "default"
2023-10-31 19:57:26.049 INFO  1766 --- [ main ] o.s.b.w.e.tomcat.TomcatWebServer - Tomcat initialized with port(s): 8888 (http)
2023-10-31 19:57:26.055 INFO  1772 --- [ main ] o.a.coyote.http11.Http11NioProtocol - Initializing ProtocolHandler ["http-nio-8888"]
2023-10-31 19:57:26.057 INFO  1774 --- [ main ] o.a.catalina.core.StandardService - Starting service [Tomcat]
2023-10-31 19:57:26.057 INFO  1774 --- [ main ] o.a.catalina.core.StandardEngine - Starting Servlet engine: [Apache Tomcat/10.1.10]
2023-10-31 19:57:26.352 INFO  2069 --- [ main ] o.apache.jasper.servlet.TldScanner - At least one JAR was scanned for TLDs yet contained no TLDs. Enable debug logging for this logger for a complete list of JARs that were scanned but no TLDs were found in them. Skipping unneeded JARs during scanning can improve startup time and JSP compilation time.
2023-10-31 19:57:26.364 INFO  2081 --- [ main ] o.a.c.c.C.[Tomcat].[localhost].[/] - Initializing Spring embedded WebApplicationContext
2023-10-31 19:57:26.364 INFO  2081 --- [ main ] o.s.b.w.s.c.ServletWebServerApplicationContext - Root WebApplicationContext: initialization completed in 1360 ms
2023-10-31 19:57:26.584 INFO  2301 --- [ main ] o.s.b.a.w.s.WelcomePageHandlerMapping - Adding welcome page template: index
2023-10-31 19:57:26.641 DEBUG 2358 --- [ main ] _.s.w.s.HandlerMapping.Mappings - 
	c.s.h.b.c.BoardController:
	{GET [/boardList]}: BoardList()
	{GET [/boardWrite]}: BoardWrite()
2023-10-31 19:57:26.643 DEBUG 2360 --- [ main ] _.s.w.s.HandlerMapping.Mappings - 
	c.s.h.b.c.PotoBoardController:
	{GET [/potoBoardList]}: PotoBoardList()
2023-10-31 19:57:26.643 DEBUG 2360 --- [ main ] _.s.w.s.HandlerMapping.Mappings - 
	c.s.h.c.c.MainController:
	{GET [/main || /]}: Main()
2023-10-31 19:57:26.644 DEBUG 2361 --- [ main ] _.s.w.s.HandlerMapping.Mappings - 
	c.s.h.r.c.registerController:
	{GET [/signUp]}: SignUp()
	{GET [/signIn]}: SignIN()
2023-10-31 19:57:26.644 DEBUG 2361 --- [ main ] _.s.w.s.HandlerMapping.Mappings - 
	c.s.h.SpringTestController:
	{GET [/index]}: test()
	{GET [/test]}: mvTest()
2023-10-31 19:57:26.646 DEBUG 2363 --- [ main ] _.s.w.s.HandlerMapping.Mappings - 
	o.s.b.a.w.s.e.BasicErrorController:
	{ [/error]}: error(HttpServletRequest)
	{ [/error], produces [text/html]}: errorHtml(HttpServletRequest,HttpServletResponse)
2023-10-31 19:57:26.654 DEBUG 2371 --- [ main ] _.s.w.s.HandlerMapping.Mappings - 'beanNameHandlerMapping' {}
2023-10-31 19:57:26.669 DEBUG 2386 --- [ main ] _.s.w.s.HandlerMapping.Mappings - 'resourceHandlerMapping' {/webjars/**=ResourceHttpRequestHandler [classpath [META-INF/resources/webjars/]], /resources/static/**=ResourceHttpRequestHandler [classpath [META-INF/resources/], classpath [resources/], classpath [static/], classpath [public/], ServletContext [/]]}
2023-10-31 19:57:26.732 INFO  2449 --- [ main ] o.a.coyote.http11.Http11NioProtocol - Starting ProtocolHandler ["http-nio-8888"]
2023-10-31 19:57:26.768 INFO  2485 --- [ main ] o.s.b.w.e.tomcat.TomcatWebServer - Tomcat started on port(s): 8888 (http) with context path ''
2023-10-31 19:57:26.778 INFO  2495 --- [ main ] c.study.hestudy.HestudyApplication - Started HestudyApplication in 2.158 seconds (process running for 2.727)
2023-10-31 19:57:34.416 INFO  10133 --- [ http-nio-8888-exec-1 ] o.a.c.c.C.[Tomcat].[localhost].[/] - Initializing Spring DispatcherServlet 'dispatcherServlet'
2023-10-31 19:57:34.417 INFO  10134 --- [ http-nio-8888-exec-1 ] o.s.web.servlet.DispatcherServlet - Initializing Servlet 'dispatcherServlet'
2023-10-31 19:57:34.418 INFO  10135 --- [ http-nio-8888-exec-1 ] o.s.web.servlet.DispatcherServlet - Completed initialization in 1 ms
2023-10-31 19:57:34.455 INFO  10172 --- [ http-nio-8888-exec-1 ] o.s.stereotype.Controller - SignUpController ###
2023-10-31 20:10:51.421 INFO  1245 --- [ main ] c.study.hestudy.HestudyApplication - Starting HestudyApplication using Java 17.0.7 with PID 23992 (C:\develop\hestudy\HEstudy\hestudy\target\classes started by 82105 in C:\develop\hestudy\HEstudy\hestudy)
2023-10-31 20:10:51.427 DEBUG 1251 --- [ main ] c.study.hestudy.HestudyApplication - Running with Spring Boot v3.1.1, Spring v6.0.10
2023-10-31 20:10:51.429 INFO  1253 --- [ main ] c.study.hestudy.HestudyApplication - No active profile set, falling back to 1 default profile: "default"
2023-10-31 20:10:53.484 INFO  3308 --- [ main ] o.s.b.w.e.tomcat.TomcatWebServer - Tomcat initialized with port(s): 8888 (http)
2023-10-31 20:10:53.506 INFO  3330 --- [ main ] o.a.coyote.http11.Http11NioProtocol - Initializing ProtocolHandler ["http-nio-8888"]
2023-10-31 20:10:53.510 INFO  3334 --- [ main ] o.a.catalina.core.StandardService - Starting service [Tomcat]
2023-10-31 20:10:53.510 INFO  3334 --- [ main ] o.a.catalina.core.StandardEngine - Starting Servlet engine: [Apache Tomcat/10.1.10]
2023-10-31 20:10:54.219 INFO  4043 --- [ main ] o.apache.jasper.servlet.TldScanner - At least one JAR was scanned for TLDs yet contained no TLDs. Enable debug logging for this logger for a complete list of JARs that were scanned but no TLDs were found in them. Skipping unneeded JARs during scanning can improve startup time and JSP compilation time.
2023-10-31 20:10:54.248 INFO  4072 --- [ main ] o.a.c.c.C.[Tomcat].[localhost].[/] - Initializing Spring embedded WebApplicationContext
2023-10-31 20:10:54.250 INFO  4074 --- [ main ] o.s.b.w.s.c.ServletWebServerApplicationContext - Root WebApplicationContext: initialization completed in 2703 ms
2023-10-31 20:10:54.756 INFO  4580 --- [ main ] o.s.b.a.w.s.WelcomePageHandlerMapping - Adding welcome page template: index
2023-10-31 20:10:54.855 DEBUG 4679 --- [ main ] _.s.w.s.HandlerMapping.Mappings - 
	c.s.h.b.c.BoardController:
	{GET [/boardList]}: BoardList()
	{GET [/boardWrite]}: BoardWrite()
2023-10-31 20:10:54.857 DEBUG 4681 --- [ main ] _.s.w.s.HandlerMapping.Mappings - 
	c.s.h.b.c.PotoBoardController:
	{GET [/potoBoardList]}: PotoBoardList()
2023-10-31 20:10:54.859 DEBUG 4683 --- [ main ] _.s.w.s.HandlerMapping.Mappings - 
	c.s.h.c.c.MainController:
	{GET [/main || /]}: Main()
2023-10-31 20:10:54.860 DEBUG 4684 --- [ main ] _.s.w.s.HandlerMapping.Mappings - 
	c.s.h.r.c.registerController:
	{GET [/signUp]}: SignUp()
	{GET [/signIn]}: SignIN()
2023-10-31 20:10:54.860 DEBUG 4684 --- [ main ] _.s.w.s.HandlerMapping.Mappings - 
	c.s.h.SpringTestController:
	{GET [/index]}: test()
	{GET [/test]}: mvTest()
2023-10-31 20:10:54.878 DEBUG 4702 --- [ main ] _.s.w.s.HandlerMapping.Mappings - 
	o.s.b.a.w.s.e.BasicErrorController:
	{ [/error]}: error(HttpServletRequest)
	{ [/error], produces [text/html]}: errorHtml(HttpServletRequest,HttpServletResponse)
2023-10-31 20:10:54.906 DEBUG 4730 --- [ main ] _.s.w.s.HandlerMapping.Mappings - 'beanNameHandlerMapping' {}
2023-10-31 20:10:54.942 DEBUG 4766 --- [ main ] _.s.w.s.HandlerMapping.Mappings - 'resourceHandlerMapping' {/webjars/**=ResourceHttpRequestHandler [classpath [META-INF/resources/webjars/]], /resources/static/**=ResourceHttpRequestHandler [classpath [META-INF/resources/], classpath [resources/], classpath [static/], classpath [public/], ServletContext [/]]}
2023-10-31 20:10:55.091 INFO  4915 --- [ main ] o.a.coyote.http11.Http11NioProtocol - Starting ProtocolHandler ["http-nio-8888"]
2023-10-31 20:10:55.160 INFO  4984 --- [ main ] o.s.b.w.e.tomcat.TomcatWebServer - Tomcat started on port(s): 8888 (http) with context path ''
2023-10-31 20:10:55.176 INFO  5000 --- [ main ] c.study.hestudy.HestudyApplication - Started HestudyApplication in 4.38 seconds (process running for 5.362)
2023-10-31 20:10:58.337 INFO  8161 --- [ http-nio-8888-exec-1 ] o.a.c.c.C.[Tomcat].[localhost].[/] - Initializing Spring DispatcherServlet 'dispatcherServlet'
2023-10-31 20:10:58.338 INFO  8162 --- [ http-nio-8888-exec-1 ] o.s.web.servlet.DispatcherServlet - Initializing Servlet 'dispatcherServlet'
2023-10-31 20:10:58.338 INFO  8162 --- [ http-nio-8888-exec-1 ] o.s.web.servlet.DispatcherServlet - Completed initialization in 0 ms
2023-10-31 20:10:58.376 INFO  8200 --- [ http-nio-8888-exec-1 ] o.s.stereotype.Controller - SignUpController ###
2023-10-31 20:12:25.289 INFO  1187 --- [ main ] c.study.hestudy.HestudyApplication - Starting HestudyApplication using Java 17.0.7 with PID 22156 (C:\develop\hestudy\HEstudy\hestudy\target\classes started by 82105 in C:\develop\hestudy\HEstudy\hestudy)
2023-10-31 20:12:25.291 DEBUG 1189 --- [ main ] c.study.hestudy.HestudyApplication - Running with Spring Boot v3.1.1, Spring v6.0.10
2023-10-31 20:12:25.294 INFO  1192 --- [ main ] c.study.hestudy.HestudyApplication - No active profile set, falling back to 1 default profile: "default"
2023-10-31 20:12:27.466 INFO  3364 --- [ main ] o.s.b.w.e.tomcat.TomcatWebServer - Tomcat initialized with port(s): 8888 (http)
2023-10-31 20:12:27.482 INFO  3380 --- [ main ] o.a.coyote.http11.Http11NioProtocol - Initializing ProtocolHandler ["http-nio-8888"]
2023-10-31 20:12:27.486 INFO  3384 --- [ main ] o.a.catalina.core.StandardService - Starting service [Tomcat]
2023-10-31 20:12:27.486 INFO  3384 --- [ main ] o.a.catalina.core.StandardEngine - Starting Servlet engine: [Apache Tomcat/10.1.10]
2023-10-31 20:12:27.996 INFO  3894 --- [ main ] o.apache.jasper.servlet.TldScanner - At least one JAR was scanned for TLDs yet contained no TLDs. Enable debug logging for this logger for a complete list of JARs that were scanned but no TLDs were found in them. Skipping unneeded JARs during scanning can improve startup time and JSP compilation time.
2023-10-31 20:12:28.016 INFO  3914 --- [ main ] o.a.c.c.C.[Tomcat].[localhost].[/] - Initializing Spring embedded WebApplicationContext
2023-10-31 20:12:28.017 INFO  3915 --- [ main ] o.s.b.w.s.c.ServletWebServerApplicationContext - Root WebApplicationContext: initialization completed in 2634 ms
2023-10-31 20:12:28.419 INFO  4317 --- [ main ] o.s.b.a.w.s.WelcomePageHandlerMapping - Adding welcome page template: index
2023-10-31 20:12:28.489 DEBUG 4387 --- [ main ] _.s.w.s.HandlerMapping.Mappings - 
	c.s.h.b.c.BoardController:
	{GET [/boardList]}: BoardList()
	{GET [/boardWrite]}: BoardWrite()
2023-10-31 20:12:28.495 DEBUG 4393 --- [ main ] _.s.w.s.HandlerMapping.Mappings - 
	c.s.h.b.c.PotoBoardController:
	{GET [/potoBoardList]}: PotoBoardList()
2023-10-31 20:12:28.500 DEBUG 4398 --- [ main ] _.s.w.s.HandlerMapping.Mappings - 
	c.s.h.c.c.MainController:
	{GET [/main || /]}: Main()
2023-10-31 20:12:28.503 DEBUG 4401 --- [ main ] _.s.w.s.HandlerMapping.Mappings - 
	c.s.h.r.c.registerController:
	{GET [/signIn]}: SignIN()
	{GET [/signUp]}: SignUp()
2023-10-31 20:12:28.504 DEBUG 4402 --- [ main ] _.s.w.s.HandlerMapping.Mappings - 
	c.s.h.SpringTestController:
	{GET [/index]}: test()
	{GET [/test]}: mvTest()
2023-10-31 20:12:28.507 DEBUG 4405 --- [ main ] _.s.w.s.HandlerMapping.Mappings - 
	o.s.b.a.w.s.e.BasicErrorController:
	{ [/error]}: error(HttpServletRequest)
	{ [/error], produces [text/html]}: errorHtml(HttpServletRequest,HttpServletResponse)
2023-10-31 20:12:28.528 DEBUG 4426 --- [ main ] _.s.w.s.HandlerMapping.Mappings - 'beanNameHandlerMapping' {}
2023-10-31 20:12:28.555 DEBUG 4453 --- [ main ] _.s.w.s.HandlerMapping.Mappings - 'resourceHandlerMapping' {/webjars/**=ResourceHttpRequestHandler [classpath [META-INF/resources/webjars/]], /resources/static/**=ResourceHttpRequestHandler [classpath [META-INF/resources/], classpath [resources/], classpath [static/], classpath [public/], ServletContext [/]]}
2023-10-31 20:12:28.660 INFO  4558 --- [ main ] o.a.coyote.http11.Http11NioProtocol - Starting ProtocolHandler ["http-nio-8888"]
2023-10-31 20:12:28.725 INFO  4623 --- [ main ] o.s.b.w.e.tomcat.TomcatWebServer - Tomcat started on port(s): 8888 (http) with context path ''
2023-10-31 20:12:28.739 INFO  4637 --- [ main ] c.study.hestudy.HestudyApplication - Started HestudyApplication in 4.055 seconds (process running for 5.004)
2023-10-31 20:12:31.757 INFO  7655 --- [ http-nio-8888-exec-2 ] o.a.c.c.C.[Tomcat].[localhost].[/] - Initializing Spring DispatcherServlet 'dispatcherServlet'
2023-10-31 20:12:31.757 INFO  7655 --- [ http-nio-8888-exec-2 ] o.s.web.servlet.DispatcherServlet - Initializing Servlet 'dispatcherServlet'
2023-10-31 20:12:31.759 INFO  7657 --- [ http-nio-8888-exec-2 ] o.s.web.servlet.DispatcherServlet - Completed initialization in 0 ms
2023-10-31 20:12:31.786 INFO  7684 --- [ http-nio-8888-exec-2 ] o.s.stereotype.Controller - SignUpController ###
2023-10-31 20:12:35.949 INFO  11847 --- [ http-nio-8888-exec-3 ] o.s.stereotype.Controller - SignUpController ###
2023-10-31 20:12:35.989 WARN  11887 --- [ http-nio-8888-exec-5 ] o.s.web.servlet.PageNotFound - No mapping for GET /favicon.ico
2023-10-31 20:12:36.650 INFO  12548 --- [ http-nio-8888-exec-8 ] o.s.stereotype.Controller - SignUpController ###
2023-10-31 20:12:36.697 WARN  12595 --- [ http-nio-8888-exec-10 ] o.s.web.servlet.PageNotFound - No mapping for GET /favicon.ico
2023-10-31 20:12:36.873 INFO  12771 --- [ http-nio-8888-exec-2 ] o.s.stereotype.Controller - SignUpController ###
2023-10-31 20:12:36.916 WARN  12814 --- [ http-nio-8888-exec-3 ] o.s.web.servlet.PageNotFound - No mapping for GET /favicon.ico
