2023-11-08 21:10:33.199 INFO  783  --- [ main ] c.study.hestudy.HestudyApplication - Starting HestudyApplication using Java 17.0.7 with PID 29336 (C:\develop\hestudy\HEstudy\hestudy\target\classes started by 82105 in C:\develop\hestudy\HEstudy\hestudy)
2023-11-08 21:10:33.208 DEBUG 792  --- [ main ] c.study.hestudy.HestudyApplication - Running with Spring Boot v3.1.1, Spring v6.0.10
2023-11-08 21:10:33.213 INFO  797  --- [ main ] c.study.hestudy.HestudyApplication - No active profile set, falling back to 1 default profile: "default"
2023-11-08 21:10:34.565 INFO  2149 --- [ main ] o.s.b.w.e.tomcat.TomcatWebServer - Tomcat initialized with port(s): 8888 (http)
2023-11-08 21:10:34.574 INFO  2158 --- [ main ] o.a.coyote.http11.Http11NioProtocol - Initializing ProtocolHandler ["http-nio-8888"]
2023-11-08 21:10:34.577 INFO  2161 --- [ main ] o.a.catalina.core.StandardService - Starting service [Tomcat]
2023-11-08 21:10:34.577 INFO  2161 --- [ main ] o.a.catalina.core.StandardEngine - Starting Servlet engine: [Apache Tomcat/10.1.10]
2023-11-08 21:10:34.892 INFO  2476 --- [ main ] o.apache.jasper.servlet.TldScanner - At least one JAR was scanned for TLDs yet contained no TLDs. Enable debug logging for this logger for a complete list of JARs that were scanned but no TLDs were found in them. Skipping unneeded JARs during scanning can improve startup time and JSP compilation time.
2023-11-08 21:10:34.906 INFO  2490 --- [ main ] o.a.c.c.C.[Tomcat].[localhost].[/] - Initializing Spring embedded WebApplicationContext
2023-11-08 21:10:34.906 INFO  2490 --- [ main ] o.s.b.w.s.c.ServletWebServerApplicationContext - Root WebApplicationContext: initialization completed in 1619 ms
2023-11-08 21:10:35.212 INFO  2796 --- [ main ] o.s.b.a.w.s.WelcomePageHandlerMapping - Adding welcome page template: index
2023-11-08 21:10:35.264 DEBUG 2848 --- [ main ] _.s.w.s.HandlerMapping.Mappings - 
	c.s.h.b.c.BoardController:
	{GET [/boardWrite]}: BoardWrite()
	{GET [/boardList]}: BoardList()
2023-11-08 21:10:35.266 DEBUG 2850 --- [ main ] _.s.w.s.HandlerMapping.Mappings - 
	c.s.h.b.c.PotoBoardController:
	{GET [/potoBoardList]}: PotoBoardList()
2023-11-08 21:10:35.267 DEBUG 2851 --- [ main ] _.s.w.s.HandlerMapping.Mappings - 
	c.s.h.c.c.MainController:
	{GET [/main || /]}: Main()
2023-11-08 21:10:35.267 DEBUG 2851 --- [ main ] _.s.w.s.HandlerMapping.Mappings - 
	c.s.h.r.c.registerController:
	{GET [/signIn]}: SignIN()
	{GET [/signUp]}: SignUp()
2023-11-08 21:10:35.268 DEBUG 2852 --- [ main ] _.s.w.s.HandlerMapping.Mappings - 
	c.s.h.SpringTestController:
	{GET [/index]}: test()
	{GET [/test]}: mvTest()
2023-11-08 21:10:35.270 DEBUG 2854 --- [ main ] _.s.w.s.HandlerMapping.Mappings - 
	o.s.b.a.w.s.e.BasicErrorController:
	{ [/error]}: error(HttpServletRequest)
	{ [/error], produces [text/html]}: errorHtml(HttpServletRequest,HttpServletResponse)
2023-11-08 21:10:35.281 DEBUG 2865 --- [ main ] _.s.w.s.HandlerMapping.Mappings - 'beanNameHandlerMapping' {}
2023-11-08 21:10:35.297 DEBUG 2881 --- [ main ] _.s.w.s.HandlerMapping.Mappings - 'resourceHandlerMapping' {/webjars/**=ResourceHttpRequestHandler [classpath [META-INF/resources/webjars/]], /resources/static/**=ResourceHttpRequestHandler [classpath [META-INF/resources/], classpath [resources/], classpath [static/], classpath [public/], ServletContext [/]]}
2023-11-08 21:10:35.362 INFO  2946 --- [ main ] o.a.coyote.http11.Http11NioProtocol - Starting ProtocolHandler ["http-nio-8888"]
2023-11-08 21:10:35.412 INFO  2996 --- [ main ] o.s.b.w.e.tomcat.TomcatWebServer - Tomcat started on port(s): 8888 (http) with context path ''
2023-11-08 21:10:35.425 INFO  3009 --- [ main ] c.study.hestudy.HestudyApplication - Started HestudyApplication in 2.618 seconds (process running for 3.275)
2023-11-08 21:10:41.142 INFO  8726 --- [ http-nio-8888-exec-1 ] o.a.c.c.C.[Tomcat].[localhost].[/] - Initializing Spring DispatcherServlet 'dispatcherServlet'
2023-11-08 21:10:41.143 INFO  8727 --- [ http-nio-8888-exec-1 ] o.s.web.servlet.DispatcherServlet - Initializing Servlet 'dispatcherServlet'
2023-11-08 21:10:41.143 INFO  8727 --- [ http-nio-8888-exec-1 ] o.s.web.servlet.DispatcherServlet - Completed initialization in 0 ms
2023-11-08 21:10:41.191 INFO  8775 --- [ http-nio-8888-exec-1 ] o.s.stereotype.Controller - MainController ###
2023-11-08 21:10:49.599 INFO  17183 --- [ http-nio-8888-exec-5 ] o.s.stereotype.Controller - SignUpController ###
2023-11-08 21:11:07.052 INFO  34636 --- [ http-nio-8888-exec-9 ] o.s.stereotype.Controller - SignUpController ###
